{"level":"info","time":"2026-01-08T16:37:45+05:00","message":"Logger Started"}
{"level":"info","time":"2026-01-08T16:37:45+05:00","message":"Starting Worker 0"}
{"level":"info","time":"2026-01-08T16:37:45+05:00","message":"Starting Worker 1"}
{"level":"info","time":"2026-01-08T16:37:45+05:00","message":"Starting Worker 2"}
{"level":"info","time":"2026-01-08T16:37:45+05:00","message":"Starting Worker 3"}
{"level":"info","time":"2026-01-08T16:37:45+05:00","message":"Starting Worker 4"}
{"level":"info","time":"2026-01-08T16:37:58+05:00","message":"Fetching all tasks"}
{"level":"info","time":"2026-01-08T16:38:35+05:00","message":"Fetching all tasks"}
{"level":"info","time":"2026-01-08T16:38:44+05:00","message":"Fetching all tasks"}
{"level":"info","time":"2026-01-08T16:38:54+05:00","message":"Added Task ID: 848807, Name: Another Long task"}
{"level":"info","time":"2026-01-08T16:38:54+05:00","message":"Next Task ID: 848807 fetched for processing"}
{"level":"info","time":"2026-01-08T16:38:54+05:00","message":"Task ID: 848807 locked for processing"}
{"level":"info","time":"2026-01-08T16:38:54+05:00","message":"Processing Task ID: 848807, Name: Another Long task"}
{"level":"info","time":"2026-01-08T16:38:56+05:00","message":"Added Task ID: 954621, Name: Another Long task"}
{"level":"info","time":"2026-01-08T16:38:56+05:00","message":"Next Task ID: 954621 fetched for processing"}
{"level":"info","time":"2026-01-08T16:38:56+05:00","message":"Task ID: 954621 locked for processing"}
{"level":"info","time":"2026-01-08T16:38:56+05:00","message":"Processing Task ID: 954621, Name: Another Long task"}
{"level":"error","time":"2026-01-08T16:38:57+05:00","message":"Task ID: 848807 failed during processing"}
{"level":"error","time":"2026-01-08T16:38:57+05:00","message":"Error processing Task ID: 848807, Error: task Another Long task failed during processing"}
{"level":"info","time":"2026-01-08T16:38:57+05:00","message":"No pending tasks available in the queue"}
{"level":"info","time":"2026-01-08T16:38:57+05:00","message":"No pending tasks in the queue, worker is idling"}
{"level":"info","time":"2026-01-08T16:38:57+05:00","message":"Result received for Task ID: 848807, Status: Failed"}
{"level":"info","time":"2026-01-08T16:38:57+05:00","message":"Fetching all tasks"}
{"level":"info","time":"2026-01-08T16:38:59+05:00","message":"Task ID: 954621 completed successfully"}
{"level":"info","time":"2026-01-08T16:38:59+05:00","message":"No pending tasks available in the queue"}
{"level":"info","time":"2026-01-08T16:38:59+05:00","message":"No pending tasks in the queue, worker is idling"}
{"level":"info","time":"2026-01-08T16:38:59+05:00","message":"Result received for Task ID: 954621, Status: Completed"}
{"level":"info","time":"2026-01-08T16:39:02+05:00","message":"Fetching all tasks"}
{"level":"info","time":"2026-01-08T16:39:38+05:00","message":"Fetching all tasks"}
{"level":"info","time":"2026-01-08T16:39:47+05:00","message":"Added Task ID: 572506, Name: Another Long task"}
{"level":"info","time":"2026-01-08T16:39:47+05:00","message":"Next Task ID: 572506 fetched for processing"}
{"level":"info","time":"2026-01-08T16:39:47+05:00","message":"Task ID: 572506 locked for processing"}
{"level":"info","time":"2026-01-08T16:39:47+05:00","message":"Processing Task ID: 572506, Name: Another Long task"}
{"level":"info","time":"2026-01-08T16:39:48+05:00","message":"Added Task ID: 127972, Name: Another Long task"}
{"level":"info","time":"2026-01-08T16:39:48+05:00","message":"Next Task ID: 127972 fetched for processing"}
{"level":"info","time":"2026-01-08T16:39:48+05:00","message":"Task ID: 127972 locked for processing"}
{"level":"info","time":"2026-01-08T16:39:48+05:00","message":"Processing Task ID: 127972, Name: Another Long task"}
{"level":"info","time":"2026-01-08T16:39:49+05:00","message":"Added Task ID: 502234, Name: Another Long task"}
{"level":"info","time":"2026-01-08T16:39:49+05:00","message":"Next Task ID: 502234 fetched for processing"}
{"level":"info","time":"2026-01-08T16:39:49+05:00","message":"Task ID: 502234 locked for processing"}
{"level":"info","time":"2026-01-08T16:39:49+05:00","message":"Processing Task ID: 502234, Name: Another Long task"}
{"level":"info","time":"2026-01-08T16:39:49+05:00","message":"Added Task ID: 359130, Name: Another Long task"}
{"level":"info","time":"2026-01-08T16:39:49+05:00","message":"Next Task ID: 359130 fetched for processing"}
{"level":"info","time":"2026-01-08T16:39:49+05:00","message":"Task ID: 359130 locked for processing"}
{"level":"info","time":"2026-01-08T16:39:49+05:00","message":"Processing Task ID: 359130, Name: Another Long task"}
{"level":"error","time":"2026-01-08T16:39:50+05:00","message":"Task ID: 572506 failed during processing"}
{"level":"error","time":"2026-01-08T16:39:50+05:00","message":"Error processing Task ID: 572506, Error: task Another Long task failed during processing"}
{"level":"info","time":"2026-01-08T16:39:50+05:00","message":"Result received for Task ID: 572506, Status: Failed"}
{"level":"info","time":"2026-01-08T16:39:50+05:00","message":"No pending tasks available in the queue"}
{"level":"info","time":"2026-01-08T16:39:50+05:00","message":"No pending tasks in the queue, worker is idling"}
{"level":"info","time":"2026-01-08T16:39:51+05:00","message":"Fetching all tasks"}
{"level":"info","time":"2026-01-08T16:39:51+05:00","message":"Task ID: 127972 completed successfully"}
{"level":"info","time":"2026-01-08T16:39:51+05:00","message":"No pending tasks available in the queue"}
{"level":"info","time":"2026-01-08T16:39:51+05:00","message":"No pending tasks in the queue, worker is idling"}
{"level":"info","time":"2026-01-08T16:39:51+05:00","message":"Result received for Task ID: 127972, Status: Completed"}
{"level":"info","time":"2026-01-08T16:39:52+05:00","message":"Task ID: 502234 completed successfully"}
{"level":"info","time":"2026-01-08T16:39:52+05:00","message":"No pending tasks available in the queue"}
{"level":"info","time":"2026-01-08T16:39:52+05:00","message":"No pending tasks in the queue, worker is idling"}
{"level":"info","time":"2026-01-08T16:39:52+05:00","message":"Result received for Task ID: 502234, Status: Completed"}
{"level":"info","time":"2026-01-08T16:39:52+05:00","message":"Task ID: 359130 completed successfully"}
{"level":"info","time":"2026-01-08T16:39:52+05:00","message":"No pending tasks available in the queue"}
{"level":"info","time":"2026-01-08T16:39:52+05:00","message":"No pending tasks in the queue, worker is idling"}
{"level":"info","time":"2026-01-08T16:39:52+05:00","message":"Result received for Task ID: 359130, Status: Completed"}
{"level":"info","time":"2026-01-08T16:39:58+05:00","message":"Fetching all tasks"}
{"level":"info","time":"2026-01-08T17:15:20+05:00","message":"Logger Started"}
{"level":"info","time":"2026-01-08T17:15:20+05:00","message":"Starting Worker 0"}
{"level":"info","time":"2026-01-08T17:15:20+05:00","message":"Starting Worker 1"}
{"level":"info","time":"2026-01-08T17:15:20+05:00","message":"Starting Worker 2"}
{"level":"info","time":"2026-01-08T17:15:20+05:00","message":"Starting Worker 3"}
{"level":"info","time":"2026-01-08T17:15:20+05:00","message":"Starting Worker 4"}
{"level":"info","time":"2026-01-08T17:15:32+05:00","message":"Logger Started"}
{"level":"info","time":"2026-01-08T17:15:32+05:00","message":"Starting Worker 0"}
{"level":"info","time":"2026-01-08T17:15:32+05:00","message":"Starting Worker 1"}
{"level":"info","time":"2026-01-08T17:15:32+05:00","message":"Starting Worker 2"}
{"level":"info","time":"2026-01-08T17:15:32+05:00","message":"Starting Worker 3"}
{"level":"info","time":"2026-01-08T17:15:32+05:00","message":"Starting Worker 4"}
{"level":"info","time":"2026-01-08T17:15:38+05:00","message":"Fetching all tasks"}
{"level":"info","time":"2026-01-08T17:15:49+05:00","message":"Added Task ID: 593721, Name: Another Long task"}
{"level":"info","time":"2026-01-08T17:15:49+05:00","message":"Next Task ID: 593721 fetched for processing"}
{"level":"info","time":"2026-01-08T17:15:49+05:00","message":"Task ID: 593721 locked for processing"}
{"level":"info","time":"2026-01-08T17:15:49+05:00","message":"Processing Task ID: 593721, Name: Another Long task"}
{"level":"info","time":"2026-01-08T17:15:49+05:00","message":"Added Task ID: 992579, Name: Another Long task"}
{"level":"info","time":"2026-01-08T17:15:49+05:00","message":"Next Task ID: 992579 fetched for processing"}
{"level":"info","time":"2026-01-08T17:15:49+05:00","message":"Task ID: 992579 locked for processing"}
{"level":"info","time":"2026-01-08T17:15:49+05:00","message":"Processing Task ID: 992579, Name: Another Long task"}
{"level":"info","time":"2026-01-08T17:15:50+05:00","message":"Added Task ID: 494370, Name: Another Long task"}
{"level":"info","time":"2026-01-08T17:15:50+05:00","message":"Next Task ID: 494370 fetched for processing"}
{"level":"info","time":"2026-01-08T17:15:50+05:00","message":"Task ID: 494370 locked for processing"}
{"level":"info","time":"2026-01-08T17:15:50+05:00","message":"Processing Task ID: 494370, Name: Another Long task"}
{"level":"info","time":"2026-01-08T17:15:51+05:00","message":"Fetching all tasks"}
{"level":"info","time":"2026-01-08T17:15:52+05:00","message":"Task ID: 593721 completed successfully"}
{"level":"info","time":"2026-01-08T17:15:52+05:00","message":"No pending tasks available in the queue"}
{"level":"info","time":"2026-01-08T17:15:52+05:00","message":"Result received for Task ID: 593721, Status: Completed"}
{"level":"info","time":"2026-01-08T17:15:52+05:00","message":"No pending tasks in the queue, worker is idling"}
{"level":"info","time":"2026-01-08T17:15:52+05:00","message":"Task ID: 992579 completed successfully"}
{"level":"info","time":"2026-01-08T17:15:52+05:00","message":"No pending tasks available in the queue"}
{"level":"info","time":"2026-01-08T17:15:52+05:00","message":"Result received for Task ID: 992579, Status: Completed"}
{"level":"info","time":"2026-01-08T17:15:52+05:00","message":"No pending tasks in the queue, worker is idling"}
{"level":"error","time":"2026-01-08T17:15:53+05:00","message":"Task ID: 494370 failed during processing"}
{"level":"error","time":"2026-01-08T17:15:53+05:00","message":"Error processing Task ID: 494370, Error: task Another Long task failed during processing"}
{"level":"info","time":"2026-01-08T17:15:53+05:00","message":"No pending tasks available in the queue"}
{"level":"info","time":"2026-01-08T17:15:53+05:00","message":"No pending tasks in the queue, worker is idling"}
{"level":"info","time":"2026-01-08T17:15:53+05:00","message":"Result received for Task ID: 494370, Status: Failed"}
{"level":"info","time":"2026-01-08T17:53:13+05:00","message":"Logger Started"}
{"level":"info","time":"2026-01-08T17:53:13+05:00","message":"Starting Worker 0"}
{"level":"info","time":"2026-01-08T17:53:13+05:00","message":"Starting Worker 1"}
{"level":"info","time":"2026-01-08T17:53:13+05:00","message":"Starting Worker 2"}
{"level":"info","time":"2026-01-08T17:53:13+05:00","message":"Starting Worker 3"}
{"level":"info","time":"2026-01-08T17:53:13+05:00","message":"Starting Worker 4"}
{"level":"info","time":"2026-01-08T17:53:15+05:00","message":"Fetching all tasks"}
{"level":"info","time":"2026-01-08T17:53:18+05:00","message":"Added Task ID: 841401, Name: Another Long task"}
{"level":"info","time":"2026-01-08T17:53:18+05:00","message":"Next Task ID: 841401 fetched for processing"}
{"level":"info","time":"2026-01-08T17:53:18+05:00","message":"Task ID: 841401 locked for processing"}
{"level":"info","time":"2026-01-08T17:53:18+05:00","message":"Processing Task ID: 841401, Name: Another Long task"}
{"level":"info","time":"2026-01-08T17:53:19+05:00","message":"Added Task ID: 871126, Name: Another Long task"}
{"level":"info","time":"2026-01-08T17:53:19+05:00","message":"Next Task ID: 871126 fetched for processing"}
{"level":"info","time":"2026-01-08T17:53:19+05:00","message":"Task ID: 871126 locked for processing"}
{"level":"info","time":"2026-01-08T17:53:19+05:00","message":"Processing Task ID: 871126, Name: Another Long task"}
{"level":"info","time":"2026-01-08T17:53:19+05:00","message":"Added Task ID: 7252, Name: Another Long task"}
{"level":"info","time":"2026-01-08T17:53:19+05:00","message":"Next Task ID: 7252 fetched for processing"}
{"level":"info","time":"2026-01-08T17:53:19+05:00","message":"Task ID: 7252 locked for processing"}
{"level":"info","time":"2026-01-08T17:53:19+05:00","message":"Processing Task ID: 7252, Name: Another Long task"}
{"level":"info","time":"2026-01-08T17:53:20+05:00","message":"Fetching all tasks"}
{"level":"info","time":"2026-01-08T17:53:21+05:00","message":"Task ID: 841401 completed successfully"}
{"level":"info","time":"2026-01-08T17:53:21+05:00","message":"No pending tasks available in the queue"}
{"level":"info","time":"2026-01-08T17:53:21+05:00","message":"No pending tasks in the queue, worker is idling"}
{"level":"info","time":"2026-01-08T17:53:21+05:00","message":"Result received for Task ID: 841401, Status: Completed"}
{"level":"info","time":"2026-01-08T17:53:22+05:00","message":"Task ID: 871126 completed successfully"}
{"level":"info","time":"2026-01-08T17:53:22+05:00","message":"No pending tasks available in the queue"}
{"level":"info","time":"2026-01-08T17:53:22+05:00","message":"No pending tasks in the queue, worker is idling"}
{"level":"info","time":"2026-01-08T17:53:22+05:00","message":"Result received for Task ID: 871126, Status: Completed"}
{"level":"error","time":"2026-01-08T17:53:22+05:00","message":"Task ID: 7252 failed during processing"}
{"level":"error","time":"2026-01-08T17:53:22+05:00","message":"Error processing Task ID: 7252, Error: task Another Long task failed during processing"}
{"level":"info","time":"2026-01-08T17:53:22+05:00","message":"No pending tasks available in the queue"}
{"level":"info","time":"2026-01-08T17:53:22+05:00","message":"No pending tasks in the queue, worker is idling"}
{"level":"info","time":"2026-01-08T17:53:22+05:00","message":"Result received for Task ID: 7252, Status: Failed"}
{"level":"info","time":"2026-01-08T17:53:23+05:00","message":"Fetching all tasks"}
{"level":"info","time":"2026-01-08T18:07:31+05:00","message":"Logger Started"}
{"level":"info","time":"2026-01-08T18:07:31+05:00","message":"Starting Worker 0"}
{"level":"info","time":"2026-01-08T18:07:31+05:00","message":"Starting Worker 1"}
{"level":"info","time":"2026-01-08T18:07:31+05:00","message":"Starting Worker 2"}
{"level":"info","time":"2026-01-08T18:07:31+05:00","message":"Starting Worker 3"}
{"level":"info","time":"2026-01-08T18:07:31+05:00","message":"Starting Worker 4"}
{"level":"info","time":"2026-01-08T18:07:35+05:00","message":"Fetching all tasks"}
{"level":"info","time":"2026-01-08T18:07:39+05:00","message":"Added Task ID: 785594, Name: Another Long task"}
{"level":"info","time":"2026-01-08T18:07:39+05:00","message":"Next Task ID: 785594 fetched for processing"}
{"level":"info","time":"2026-01-08T18:07:39+05:00","message":"Task ID: 785594 locked for processing"}
{"level":"info","time":"2026-01-08T18:07:39+05:00","message":"Processing Task ID: 785594, Name: Another Long task"}
{"level":"info","time":"2026-01-08T18:07:40+05:00","message":"Added Task ID: 532052, Name: Another Long task"}
{"level":"info","time":"2026-01-08T18:07:40+05:00","message":"Next Task ID: 532052 fetched for processing"}
{"level":"info","time":"2026-01-08T18:07:40+05:00","message":"Task ID: 532052 locked for processing"}
{"level":"info","time":"2026-01-08T18:07:40+05:00","message":"Processing Task ID: 532052, Name: Another Long task"}
{"level":"info","time":"2026-01-08T18:07:41+05:00","message":"Added Task ID: 146121, Name: Another Long task"}
{"level":"info","time":"2026-01-08T18:07:41+05:00","message":"Next Task ID: 146121 fetched for processing"}
{"level":"info","time":"2026-01-08T18:07:41+05:00","message":"Task ID: 146121 locked for processing"}
{"level":"info","time":"2026-01-08T18:07:41+05:00","message":"Processing Task ID: 146121, Name: Another Long task"}
{"level":"info","time":"2026-01-08T18:07:42+05:00","message":"Fetching all tasks"}
{"level":"info","time":"2026-01-08T18:07:42+05:00","message":"Task ID: 785594 completed successfully"}
{"level":"info","time":"2026-01-08T18:07:42+05:00","message":"No pending tasks available in the queue"}
{"level":"info","time":"2026-01-08T18:07:42+05:00","message":"No pending tasks in the queue, worker is idling"}
{"level":"info","time":"2026-01-08T18:07:42+05:00","message":"Result received for Task ID: 785594, Status: Completed"}
{"level":"error","time":"2026-01-08T18:07:43+05:00","message":"Task ID: 532052 failed during processing"}
{"level":"error","time":"2026-01-08T18:07:43+05:00","message":"Error processing Task ID: 532052, Error: task Another Long task failed during processing"}
{"level":"info","time":"2026-01-08T18:07:43+05:00","message":"No pending tasks available in the queue"}
{"level":"info","time":"2026-01-08T18:07:43+05:00","message":"No pending tasks in the queue, worker is idling"}
{"level":"info","time":"2026-01-08T18:07:43+05:00","message":"Result received for Task ID: 532052, Status: Failed"}
{"level":"info","time":"2026-01-08T18:07:44+05:00","message":"Task ID: 146121 completed successfully"}
{"level":"info","time":"2026-01-08T18:07:44+05:00","message":"No pending tasks available in the queue"}
{"level":"info","time":"2026-01-08T18:07:44+05:00","message":"No pending tasks in the queue, worker is idling"}
{"level":"info","time":"2026-01-08T18:07:44+05:00","message":"Result received for Task ID: 146121, Status: Completed"}
{"level":"info","time":"2026-01-08T18:07:44+05:00","message":"Fetching all tasks"}
{"level":"info","time":"2026-01-08T18:16:51+05:00","message":"Logger Started"}
{"level":"info","time":"2026-01-08T18:16:51+05:00","message":"Starting Worker 0"}
{"level":"info","time":"2026-01-08T18:16:51+05:00","message":"Starting Worker 1"}
{"level":"info","time":"2026-01-08T18:16:51+05:00","message":"Starting Worker 2"}
{"level":"info","time":"2026-01-08T18:16:51+05:00","message":"Starting Worker 3"}
{"level":"info","time":"2026-01-08T18:16:51+05:00","message":"Starting Worker 4"}
{"level":"info","time":"2026-01-08T18:16:55+05:00","message":"Fetching all tasks"}
{"level":"info","time":"2026-01-08T18:17:01+05:00","message":"Added Task ID: 753826, Name: Another Long task"}
{"level":"info","time":"2026-01-08T18:17:01+05:00","message":"Next Task ID: 753826 fetched for processing"}
{"level":"info","time":"2026-01-08T18:17:01+05:00","message":"Task ID: 753826 locked for processing"}
{"level":"info","time":"2026-01-08T18:17:01+05:00","message":"Processing Task ID: 753826, Name: Another Long task"}
{"level":"info","time":"2026-01-08T18:17:02+05:00","message":"Added Task ID: 60463, Name: Another Long task"}
{"level":"info","time":"2026-01-08T18:17:02+05:00","message":"Next Task ID: 60463 fetched for processing"}
{"level":"info","time":"2026-01-08T18:17:02+05:00","message":"Task ID: 60463 locked for processing"}
{"level":"info","time":"2026-01-08T18:17:02+05:00","message":"Processing Task ID: 60463, Name: Another Long task"}
{"level":"info","time":"2026-01-08T18:17:03+05:00","message":"Added Task ID: 485379, Name: Another Long task"}
{"level":"info","time":"2026-01-08T18:17:03+05:00","message":"Next Task ID: 485379 fetched for processing"}
{"level":"info","time":"2026-01-08T18:17:03+05:00","message":"Task ID: 485379 locked for processing"}
{"level":"info","time":"2026-01-08T18:17:03+05:00","message":"Processing Task ID: 485379, Name: Another Long task"}
{"level":"info","time":"2026-01-08T18:17:04+05:00","message":"Added Task ID: 132601, Name: Another Long task"}
{"level":"info","time":"2026-01-08T18:17:04+05:00","message":"Next Task ID: 132601 fetched for processing"}
{"level":"info","time":"2026-01-08T18:17:04+05:00","message":"Task ID: 132601 locked for processing"}
{"level":"info","time":"2026-01-08T18:17:04+05:00","message":"Processing Task ID: 132601, Name: Another Long task"}
{"level":"info","time":"2026-01-08T18:17:04+05:00","message":"Task ID: 753826 completed successfully"}
{"level":"info","time":"2026-01-08T18:17:04+05:00","message":"No pending tasks available in the queue"}
{"level":"info","time":"2026-01-08T18:17:04+05:00","message":"No pending tasks in the queue, worker is idling"}
{"level":"info","time":"2026-01-08T18:17:04+05:00","message":"Result received for Task ID: 753826, Status: Completed"}
{"level":"info","time":"2026-01-08T18:17:05+05:00","message":"Task ID: 60463 completed successfully"}
{"level":"info","time":"2026-01-08T18:17:05+05:00","message":"No pending tasks available in the queue"}
{"level":"info","time":"2026-01-08T18:17:05+05:00","message":"No pending tasks in the queue, worker is idling"}
{"level":"info","time":"2026-01-08T18:17:05+05:00","message":"Result received for Task ID: 60463, Status: Completed"}
{"level":"info","time":"2026-01-08T18:17:05+05:00","message":"Fetching all tasks"}
{"level":"error","time":"2026-01-08T18:17:06+05:00","message":"Task ID: 485379 failed during processing"}
{"level":"error","time":"2026-01-08T18:17:06+05:00","message":"Error processing Task ID: 485379, Error: task Another Long task failed during processing"}
{"level":"info","time":"2026-01-08T18:17:06+05:00","message":"No pending tasks available in the queue"}
{"level":"info","time":"2026-01-08T18:17:06+05:00","message":"No pending tasks in the queue, worker is idling"}
{"level":"info","time":"2026-01-08T18:17:06+05:00","message":"Result received for Task ID: 485379, Status: Failed"}
{"level":"error","time":"2026-01-08T18:17:07+05:00","message":"Task ID: 132601 failed during processing"}
{"level":"error","time":"2026-01-08T18:17:07+05:00","message":"Error processing Task ID: 132601, Error: task Another Long task failed during processing"}
{"level":"info","time":"2026-01-08T18:17:07+05:00","message":"No pending tasks available in the queue"}
{"level":"info","time":"2026-01-08T18:17:07+05:00","message":"Result received for Task ID: 132601, Status: Failed"}
{"level":"info","time":"2026-01-08T18:17:07+05:00","message":"No pending tasks in the queue, worker is idling"}
{"level":"info","time":"2026-01-08T18:17:09+05:00","message":"Fetching all tasks"}
{"level":"info","time":"2026-01-08T18:17:13+05:00","message":"Fetching all tasks"}
{"level":"info","time":"2026-01-08T18:17:16+05:00","message":"Added Task ID: 844031, Name: Another Long task"}
{"level":"info","time":"2026-01-08T18:17:16+05:00","message":"Next Task ID: 844031 fetched for processing"}
{"level":"info","time":"2026-01-08T18:17:16+05:00","message":"Task ID: 844031 locked for processing"}
{"level":"info","time":"2026-01-08T18:17:16+05:00","message":"Processing Task ID: 844031, Name: Another Long task"}
{"level":"info","time":"2026-01-08T18:17:17+05:00","message":"Added Task ID: 202293, Name: Another Long task"}
{"level":"info","time":"2026-01-08T18:17:17+05:00","message":"Next Task ID: 202293 fetched for processing"}
{"level":"info","time":"2026-01-08T18:17:17+05:00","message":"Task ID: 202293 locked for processing"}
{"level":"info","time":"2026-01-08T18:17:17+05:00","message":"Processing Task ID: 202293, Name: Another Long task"}
{"level":"info","time":"2026-01-08T18:17:17+05:00","message":"Added Task ID: 669914, Name: Another Long task"}
{"level":"info","time":"2026-01-08T18:17:17+05:00","message":"Next Task ID: 669914 fetched for processing"}
{"level":"info","time":"2026-01-08T18:17:17+05:00","message":"Task ID: 669914 locked for processing"}
{"level":"info","time":"2026-01-08T18:17:17+05:00","message":"Processing Task ID: 669914, Name: Another Long task"}
{"level":"info","time":"2026-01-08T18:17:18+05:00","message":"Added Task ID: 520914, Name: Another Long task"}
{"level":"info","time":"2026-01-08T18:17:18+05:00","message":"Next Task ID: 520914 fetched for processing"}
{"level":"info","time":"2026-01-08T18:17:18+05:00","message":"Task ID: 520914 locked for processing"}
{"level":"info","time":"2026-01-08T18:17:18+05:00","message":"Processing Task ID: 520914, Name: Another Long task"}
{"level":"info","time":"2026-01-08T18:17:18+05:00","message":"Added Task ID: 84162, Name: Another Long task"}
{"level":"info","time":"2026-01-08T18:17:18+05:00","message":"Next Task ID: 84162 fetched for processing"}
{"level":"info","time":"2026-01-08T18:17:18+05:00","message":"Task ID: 84162 locked for processing"}
{"level":"info","time":"2026-01-08T18:17:18+05:00","message":"Processing Task ID: 84162, Name: Another Long task"}
{"level":"info","time":"2026-01-08T18:17:19+05:00","message":"Added Task ID: 775069, Name: Another Long task"}
{"level":"info","time":"2026-01-08T18:17:19+05:00","message":"Task ID: 844031 completed successfully"}
{"level":"info","time":"2026-01-08T18:17:19+05:00","message":"Next Task ID: 775069 fetched for processing"}
{"level":"info","time":"2026-01-08T18:17:19+05:00","message":"Task ID: 775069 locked for processing"}
{"level":"info","time":"2026-01-08T18:17:19+05:00","message":"Processing Task ID: 775069, Name: Another Long task"}
{"level":"info","time":"2026-01-08T18:17:19+05:00","message":"Result received for Task ID: 844031, Status: Completed"}
{"level":"info","time":"2026-01-08T18:17:19+05:00","message":"Added Task ID: 674381, Name: Another Long task"}
{"level":"error","time":"2026-01-08T18:17:20+05:00","message":"Task ID: 202293 failed during processing"}
{"level":"error","time":"2026-01-08T18:17:20+05:00","message":"Error processing Task ID: 202293, Error: task Another Long task failed during processing"}
{"level":"info","time":"2026-01-08T18:17:20+05:00","message":"Result received for Task ID: 202293, Status: Failed"}
{"level":"info","time":"2026-01-08T18:17:20+05:00","message":"Next Task ID: 674381 fetched for processing"}
{"level":"info","time":"2026-01-08T18:17:20+05:00","message":"Task ID: 674381 locked for processing"}
{"level":"info","time":"2026-01-08T18:17:20+05:00","message":"Processing Task ID: 674381, Name: Another Long task"}
{"level":"error","time":"2026-01-08T18:17:20+05:00","message":"Task ID: 669914 failed during processing"}
{"level":"error","time":"2026-01-08T18:17:20+05:00","message":"Error processing Task ID: 669914, Error: task Another Long task failed during processing"}
{"level":"info","time":"2026-01-08T18:17:20+05:00","message":"No pending tasks available in the queue"}
{"level":"info","time":"2026-01-08T18:17:20+05:00","message":"No pending tasks in the queue, worker is idling"}
{"level":"info","time":"2026-01-08T18:17:20+05:00","message":"No pending tasks available in the queue"}
{"level":"info","time":"2026-01-08T18:17:20+05:00","message":"No pending tasks in the queue, worker is idling"}
{"level":"info","time":"2026-01-08T18:17:20+05:00","message":"No pending tasks available in the queue"}
{"level":"info","time":"2026-01-08T18:17:20+05:00","message":"No pending tasks in the queue, worker is idling"}
{"level":"info","time":"2026-01-08T18:17:20+05:00","message":"Result received for Task ID: 669914, Status: Failed"}
{"level":"info","time":"2026-01-08T18:17:21+05:00","message":"Task ID: 520914 completed successfully"}
{"level":"info","time":"2026-01-08T18:17:21+05:00","message":"No pending tasks available in the queue"}
{"level":"info","time":"2026-01-08T18:17:21+05:00","message":"No pending tasks in the queue, worker is idling"}
{"level":"info","time":"2026-01-08T18:17:21+05:00","message":"Result received for Task ID: 520914, Status: Completed"}
{"level":"info","time":"2026-01-08T18:17:21+05:00","message":"Task ID: 84162 completed successfully"}
{"level":"info","time":"2026-01-08T18:17:21+05:00","message":"No pending tasks available in the queue"}
{"level":"info","time":"2026-01-08T18:17:21+05:00","message":"No pending tasks in the queue, worker is idling"}
{"level":"info","time":"2026-01-08T18:17:21+05:00","message":"Result received for Task ID: 84162, Status: Completed"}
{"level":"info","time":"2026-01-08T18:17:22+05:00","message":"Fetching all tasks"}
{"level":"error","time":"2026-01-08T18:17:22+05:00","message":"Task ID: 775069 failed during processing"}
{"level":"error","time":"2026-01-08T18:17:22+05:00","message":"Error processing Task ID: 775069, Error: task Another Long task failed during processing"}
{"level":"info","time":"2026-01-08T18:17:22+05:00","message":"No pending tasks available in the queue"}
{"level":"info","time":"2026-01-08T18:17:22+05:00","message":"No pending tasks in the queue, worker is idling"}
{"level":"info","time":"2026-01-08T18:17:22+05:00","message":"Result received for Task ID: 775069, Status: Failed"}
{"level":"info","time":"2026-01-08T18:17:23+05:00","message":"Task ID: 674381 completed successfully"}
{"level":"info","time":"2026-01-08T18:17:23+05:00","message":"No pending tasks available in the queue"}
{"level":"info","time":"2026-01-08T18:17:23+05:00","message":"Result received for Task ID: 674381, Status: Completed"}
{"level":"info","time":"2026-01-08T18:17:23+05:00","message":"No pending tasks in the queue, worker is idling"}
{"level":"info","time":"2026-01-08T18:17:26+05:00","message":"Fetching all tasks"}
{"level":"info","time":"2026-01-08T18:17:31+05:00","message":"Fetching all tasks"}
{"level":"info","time":"2026-01-08T18:21:31+05:00","message":"Logger Started"}
{"level":"info","time":"2026-01-08T18:21:31+05:00","message":"Starting Worker 0"}
{"level":"info","time":"2026-01-08T18:21:31+05:00","message":"Starting Worker 1"}
{"level":"info","time":"2026-01-08T18:21:31+05:00","message":"Starting Worker 2"}
{"level":"info","time":"2026-01-08T18:21:31+05:00","message":"Starting Worker 3"}
{"level":"info","time":"2026-01-08T18:21:31+05:00","message":"Starting Worker 4"}
{"level":"info","time":"2026-01-08T18:21:34+05:00","message":"Fetching all tasks"}
{"level":"info","time":"2026-01-08T18:22:10+05:00","message":"Fetching all tasks"}
{"level":"info","time":"2026-01-08T18:22:36+05:00","message":"Logger Started"}
{"level":"info","time":"2026-01-08T18:22:36+05:00","message":"Starting Worker 0"}
{"level":"info","time":"2026-01-08T18:22:36+05:00","message":"Starting Worker 1"}
{"level":"info","time":"2026-01-08T18:22:36+05:00","message":"Starting Worker 2"}
{"level":"info","time":"2026-01-08T18:22:36+05:00","message":"Starting Worker 3"}
{"level":"info","time":"2026-01-08T18:22:36+05:00","message":"Starting Worker 4"}
{"level":"error","error":"listen tcp :8000: bind: address already in use","time":"2026-01-08T18:22:36+05:00","message":"Failed to start server"}
{"level":"info","time":"2026-01-08T18:22:36+05:00","message":"Logger Exiting (Program execution suspended)"}
{"level":"info","time":"2026-01-08T18:23:00+05:00","message":"Logger Started"}
{"level":"info","time":"2026-01-08T18:23:00+05:00","message":"Starting Worker 0"}
{"level":"info","time":"2026-01-08T18:23:00+05:00","message":"Starting Worker 1"}
{"level":"info","time":"2026-01-08T18:23:00+05:00","message":"Starting Worker 2"}
{"level":"info","time":"2026-01-08T18:23:00+05:00","message":"Starting Worker 3"}
{"level":"info","time":"2026-01-08T18:23:00+05:00","message":"Starting Worker 4"}
{"level":"error","error":"listen tcp :8000: bind: address already in use","time":"2026-01-08T18:23:00+05:00","message":"Failed to start server"}
{"level":"info","time":"2026-01-08T18:23:00+05:00","message":"Logger Exiting (Program execution suspended)"}
{"level":"info","time":"2026-01-08T18:23:48+05:00","message":"Logger Started"}
{"level":"info","time":"2026-01-08T18:23:48+05:00","message":"Starting Worker 0"}
{"level":"info","time":"2026-01-08T18:23:48+05:00","message":"Starting Worker 1"}
{"level":"info","time":"2026-01-08T18:23:48+05:00","message":"Starting Worker 2"}
{"level":"info","time":"2026-01-08T18:23:48+05:00","message":"Starting Worker 3"}
{"level":"info","time":"2026-01-08T18:23:48+05:00","message":"Starting Worker 4"}
{"level":"error","error":"listen tcp :8000: bind: address already in use","time":"2026-01-08T18:23:48+05:00","message":"Failed to start server"}
{"level":"info","time":"2026-01-08T18:23:48+05:00","message":"Logger Exiting (Program execution suspended)"}
{"level":"info","time":"2026-01-08T18:24:48+05:00","message":"Logger Started"}
{"level":"info","time":"2026-01-08T18:24:48+05:00","message":"Starting Worker 0"}
{"level":"info","time":"2026-01-08T18:24:48+05:00","message":"Starting Worker 1"}
{"level":"info","time":"2026-01-08T18:24:48+05:00","message":"Starting Worker 2"}
{"level":"info","time":"2026-01-08T18:24:48+05:00","message":"Starting Worker 3"}
{"level":"info","time":"2026-01-08T18:24:48+05:00","message":"Starting Worker 4"}
{"level":"info","time":"2026-01-08T18:24:50+05:00","message":"Fetching all tasks"}
{"level":"info","time":"2026-01-08T18:24:54+05:00","message":"Added Task ID: 824317, Name: Another Long task"}
{"level":"info","time":"2026-01-08T18:24:54+05:00","message":"Next Task ID: 824317 fetched for processing"}
{"level":"info","time":"2026-01-08T18:24:54+05:00","message":"Task ID: 824317 locked for processing"}
{"level":"info","time":"2026-01-08T18:24:54+05:00","message":"Processing Task ID: 824317, Name: Another Long task"}
{"level":"info","time":"2026-01-08T18:24:55+05:00","message":"Added Task ID: 634299, Name: Another Long task"}
{"level":"info","time":"2026-01-08T18:24:55+05:00","message":"Next Task ID: 634299 fetched for processing"}
{"level":"info","time":"2026-01-08T18:24:55+05:00","message":"Task ID: 634299 locked for processing"}
{"level":"info","time":"2026-01-08T18:24:55+05:00","message":"Processing Task ID: 634299, Name: Another Long task"}
{"level":"info","time":"2026-01-08T18:24:56+05:00","message":"Added Task ID: 635230, Name: Another Long task"}
{"level":"info","time":"2026-01-08T18:24:56+05:00","message":"Next Task ID: 635230 fetched for processing"}
{"level":"info","time":"2026-01-08T18:24:56+05:00","message":"Task ID: 635230 locked for processing"}
{"level":"info","time":"2026-01-08T18:24:56+05:00","message":"Processing Task ID: 635230, Name: Another Long task"}
{"level":"info","time":"2026-01-08T18:24:57+05:00","message":"Added Task ID: 514475, Name: Another Long task"}
{"level":"info","time":"2026-01-08T18:24:57+05:00","message":"Next Task ID: 514475 fetched for processing"}
{"level":"info","time":"2026-01-08T18:24:57+05:00","message":"Task ID: 514475 locked for processing"}
{"level":"info","time":"2026-01-08T18:24:57+05:00","message":"Processing Task ID: 514475, Name: Another Long task"}
{"level":"info","time":"2026-01-08T18:24:57+05:00","message":"Task ID: 824317 completed successfully"}
{"level":"info","time":"2026-01-08T18:24:57+05:00","message":"No pending tasks available in the queue"}
{"level":"info","time":"2026-01-08T18:24:57+05:00","message":"Result received for Task ID: 824317, Status: Completed"}
{"level":"info","time":"2026-01-08T18:24:57+05:00","message":"No pending tasks in the queue, worker is idling"}
{"level":"info","time":"2026-01-08T18:24:58+05:00","message":"Fetching all tasks"}
{"level":"info","time":"2026-01-08T18:24:58+05:00","message":"Task ID: 634299 completed successfully"}
{"level":"info","time":"2026-01-08T18:24:58+05:00","message":"No pending tasks available in the queue"}
{"level":"info","time":"2026-01-08T18:24:58+05:00","message":"No pending tasks in the queue, worker is idling"}
{"level":"info","time":"2026-01-08T18:24:58+05:00","message":"Result received for Task ID: 634299, Status: Completed"}
{"level":"info","time":"2026-01-08T18:24:59+05:00","message":"Task ID: 635230 completed successfully"}
{"level":"info","time":"2026-01-08T18:24:59+05:00","message":"No pending tasks available in the queue"}
{"level":"info","time":"2026-01-08T18:24:59+05:00","message":"Result received for Task ID: 635230, Status: Completed"}
{"level":"info","time":"2026-01-08T18:24:59+05:00","message":"No pending tasks in the queue, worker is idling"}
{"level":"info","time":"2026-01-08T18:25:00+05:00","message":"Task ID: 514475 completed successfully"}
{"level":"info","time":"2026-01-08T18:25:00+05:00","message":"No pending tasks available in the queue"}
{"level":"info","time":"2026-01-08T18:25:00+05:00","message":"No pending tasks in the queue, worker is idling"}
{"level":"info","time":"2026-01-08T18:25:00+05:00","message":"Result received for Task ID: 514475, Status: Completed"}
{"level":"info","time":"2026-01-08T18:25:02+05:00","message":"Fetching all tasks"}
{"level":"info","time":"2026-01-08T18:31:10+05:00","message":"Logger Started"}
{"level":"info","time":"2026-01-08T18:31:10+05:00","message":"Starting Worker 0"}
{"level":"info","time":"2026-01-08T18:31:10+05:00","message":"Starting Worker 1"}
{"level":"info","time":"2026-01-08T18:31:10+05:00","message":"Starting Worker 2"}
{"level":"info","time":"2026-01-08T18:31:10+05:00","message":"Starting Worker 3"}
{"level":"info","time":"2026-01-08T18:31:10+05:00","message":"Starting Worker 4"}
{"level":"info","time":"2026-01-08T18:31:14+05:00","message":"Fetching all tasks"}
{"level":"info","time":"2026-01-08T18:32:06+05:00","message":"Logger Started"}
{"level":"info","time":"2026-01-08T18:32:06+05:00","message":"Starting Worker 0"}
{"level":"info","time":"2026-01-08T18:32:06+05:00","message":"Starting Worker 1"}
{"level":"info","time":"2026-01-08T18:32:06+05:00","message":"Starting Worker 2"}
{"level":"info","time":"2026-01-08T18:32:06+05:00","message":"Starting Worker 3"}
{"level":"info","time":"2026-01-08T18:32:06+05:00","message":"Starting Worker 4"}
{"level":"error","error":"listen tcp :8000: bind: address already in use","time":"2026-01-08T18:32:06+05:00","message":"Failed to start server"}
{"level":"info","time":"2026-01-08T18:32:06+05:00","message":"Logger Exiting (Program execution suspended)"}
{"level":"info","time":"2026-01-08T18:32:32+05:00","message":"Logger Started"}
{"level":"info","time":"2026-01-08T18:32:32+05:00","message":"Starting Worker 0"}
{"level":"info","time":"2026-01-08T18:32:32+05:00","message":"Starting Worker 1"}
{"level":"info","time":"2026-01-08T18:32:32+05:00","message":"Starting Worker 2"}
{"level":"info","time":"2026-01-08T18:32:32+05:00","message":"Starting Worker 3"}
{"level":"info","time":"2026-01-08T18:32:32+05:00","message":"Starting Worker 4"}
{"level":"info","time":"2026-01-08T18:32:39+05:00","message":"Fetching all tasks"}
{"level":"info","time":"2026-01-08T18:32:42+05:00","message":"Added Task ID: 517990, Name: Another Long task"}
{"level":"info","time":"2026-01-08T18:32:42+05:00","message":"Next Task ID: 517990 fetched for processing"}
{"level":"info","time":"2026-01-08T18:32:42+05:00","message":"Task ID: 517990 locked for processing"}
{"level":"info","time":"2026-01-08T18:32:42+05:00","message":"Processing Task ID: 517990, Name: Another Long task"}
{"level":"info","time":"2026-01-08T18:32:43+05:00","message":"Added Task ID: 871490, Name: Another Long task"}
{"level":"info","time":"2026-01-08T18:32:43+05:00","message":"Next Task ID: 871490 fetched for processing"}
{"level":"info","time":"2026-01-08T18:32:43+05:00","message":"Task ID: 871490 locked for processing"}
{"level":"info","time":"2026-01-08T18:32:43+05:00","message":"Processing Task ID: 871490, Name: Another Long task"}
{"level":"info","time":"2026-01-08T18:32:44+05:00","message":"Fetching all tasks"}
{"level":"error","time":"2026-01-08T18:32:45+05:00","message":"Task ID: 517990 failed during processing"}
{"level":"error","time":"2026-01-08T18:32:45+05:00","message":"Error processing Task ID: 517990, Error: task Another Long task failed during processing"}
{"level":"info","time":"2026-01-08T18:32:45+05:00","message":"No pending tasks available in the queue"}
{"level":"info","time":"2026-01-08T18:32:45+05:00","message":"No pending tasks in the queue, worker is idling"}
{"level":"info","time":"2026-01-08T18:32:45+05:00","message":"Result received for Task ID: 517990, Status: Failed"}
{"level":"info","time":"2026-01-08T18:32:46+05:00","message":"Task ID: 871490 completed successfully"}
{"level":"info","time":"2026-01-08T18:32:46+05:00","message":"No pending tasks available in the queue"}
{"level":"info","time":"2026-01-08T18:32:46+05:00","message":"Result received for Task ID: 871490, Status: Completed"}
{"level":"info","time":"2026-01-08T18:32:46+05:00","message":"No pending tasks in the queue, worker is idling"}
{"level":"info","time":"2026-01-08T18:40:15+05:00","message":"Logger Started"}
{"level":"info","time":"2026-01-08T18:40:15+05:00","message":"Starting Worker 0"}
{"level":"info","time":"2026-01-08T18:40:15+05:00","message":"Starting Worker 1"}
{"level":"info","time":"2026-01-08T18:40:15+05:00","message":"Starting Worker 2"}
{"level":"info","time":"2026-01-08T18:40:15+05:00","message":"Starting Worker 3"}
{"level":"info","time":"2026-01-08T18:40:15+05:00","message":"Starting Worker 4"}
{"level":"info","time":"2026-01-08T18:40:27+05:00","message":"Fetching all tasks"}
{"level":"info","time":"2026-01-08T18:40:32+05:00","message":"Added Task ID: 827098, Name: Another Long task"}
{"level":"info","time":"2026-01-08T18:40:32+05:00","message":"Next Task ID: 827098 fetched for processing"}
{"level":"info","time":"2026-01-08T18:40:32+05:00","message":"Task ID: 827098 locked for processing"}
{"level":"info","time":"2026-01-08T18:40:32+05:00","message":"Processing Task ID: 827098, Name: Another Long task"}
{"level":"info","time":"2026-01-08T18:40:33+05:00","message":"Added Task ID: 901236, Name: Another Long task"}
{"level":"info","time":"2026-01-08T18:40:33+05:00","message":"Next Task ID: 901236 fetched for processing"}
{"level":"info","time":"2026-01-08T18:40:33+05:00","message":"Task ID: 901236 locked for processing"}
{"level":"info","time":"2026-01-08T18:40:33+05:00","message":"Processing Task ID: 901236, Name: Another Long task"}
{"level":"info","time":"2026-01-08T18:40:34+05:00","message":"Added Task ID: 804806, Name: Another Long task"}
{"level":"info","time":"2026-01-08T18:40:34+05:00","message":"Next Task ID: 804806 fetched for processing"}
{"level":"info","time":"2026-01-08T18:40:34+05:00","message":"Task ID: 804806 locked for processing"}
{"level":"info","time":"2026-01-08T18:40:34+05:00","message":"Processing Task ID: 804806, Name: Another Long task"}
{"level":"info","time":"2026-01-08T18:40:35+05:00","message":"Added Task ID: 968711, Name: Another Long task"}
{"level":"info","time":"2026-01-08T18:40:35+05:00","message":"Next Task ID: 968711 fetched for processing"}
{"level":"info","time":"2026-01-08T18:40:35+05:00","message":"Task ID: 968711 locked for processing"}
{"level":"info","time":"2026-01-08T18:40:35+05:00","message":"Processing Task ID: 968711, Name: Another Long task"}
{"level":"info","time":"2026-01-08T18:40:35+05:00","message":"Task ID: 827098 completed successfully"}
{"level":"info","time":"2026-01-08T18:40:35+05:00","message":"No pending tasks available in the queue"}
{"level":"info","time":"2026-01-08T18:40:35+05:00","message":"No pending tasks in the queue, worker is idling"}
{"level":"info","time":"2026-01-08T18:40:35+05:00","message":"Result received for Task ID: 827098, Status: Completed"}
{"level":"info","time":"2026-01-08T18:40:36+05:00","message":"Added Task ID: 236601, Name: Another Long task"}
{"level":"info","time":"2026-01-08T18:40:36+05:00","message":"Next Task ID: 236601 fetched for processing"}
{"level":"info","time":"2026-01-08T18:40:36+05:00","message":"Task ID: 236601 locked for processing"}
{"level":"info","time":"2026-01-08T18:40:36+05:00","message":"Processing Task ID: 236601, Name: Another Long task"}
{"level":"info","time":"2026-01-08T18:40:36+05:00","message":"Task ID: 901236 completed successfully"}
{"level":"info","time":"2026-01-08T18:40:36+05:00","message":"No pending tasks available in the queue"}
{"level":"info","time":"2026-01-08T18:40:36+05:00","message":"No pending tasks in the queue, worker is idling"}
{"level":"info","time":"2026-01-08T18:40:36+05:00","message":"Result received for Task ID: 901236, Status: Completed"}
{"level":"info","time":"2026-01-08T18:40:36+05:00","message":"Fetching all tasks"}
{"level":"info","time":"2026-01-08T18:40:37+05:00","message":"Task ID: 804806 completed successfully"}
{"level":"info","time":"2026-01-08T18:40:37+05:00","message":"Result received for Task ID: 804806, Status: Completed"}
{"level":"error","time":"2026-01-08T18:40:38+05:00","message":"Task ID: 968711 failed during processing"}
{"level":"error","time":"2026-01-08T18:40:38+05:00","message":"Error processing Task ID: 968711, Error: task Another Long task failed during processing"}
{"level":"info","time":"2026-01-08T18:40:38+05:00","message":"Result received for Task ID: 968711, Status: Failed"}
{"level":"error","time":"2026-01-08T18:40:39+05:00","message":"Task ID: 236601 failed during processing"}
{"level":"error","time":"2026-01-08T18:40:39+05:00","message":"Error processing Task ID: 236601, Error: task Another Long task failed during processing"}
{"level":"info","time":"2026-01-08T18:40:39+05:00","message":"Result received for Task ID: 236601, Status: Failed"}
{"level":"info","time":"2026-01-08T18:40:39+05:00","message":"No pending tasks available in the queue"}
{"level":"info","time":"2026-01-08T18:40:39+05:00","message":"No pending tasks available in the queue"}
{"level":"info","time":"2026-01-08T18:40:39+05:00","message":"No pending tasks in the queue, worker is idling"}
{"level":"info","time":"2026-01-08T18:40:39+05:00","message":"No pending tasks in the queue, worker is idling"}
{"level":"info","time":"2026-01-08T18:40:39+05:00","message":"No pending tasks available in the queue"}
{"level":"info","time":"2026-01-08T18:40:39+05:00","message":"No pending tasks in the queue, worker is idling"}
{"level":"info","time":"2026-01-08T18:40:40+05:00","message":"Fetching all tasks"}
{"level":"info","time":"2026-01-08T18:40:45+05:00","message":"Fetching all tasks"}
{"level":"info","time":"2026-01-08T18:40:48+05:00","message":"Fetching all tasks"}
{"level":"info","time":"2026-01-08T18:40:50+05:00","message":"Added Task ID: 455465, Name: Another Long task"}
{"level":"info","time":"2026-01-08T18:40:50+05:00","message":"Next Task ID: 455465 fetched for processing"}
{"level":"info","time":"2026-01-08T18:40:50+05:00","message":"Task ID: 455465 locked for processing"}
{"level":"info","time":"2026-01-08T18:40:50+05:00","message":"Processing Task ID: 455465, Name: Another Long task"}
{"level":"info","time":"2026-01-08T18:40:52+05:00","message":"Added Task ID: 673262, Name: Another Long task"}
{"level":"info","time":"2026-01-08T18:40:52+05:00","message":"Next Task ID: 673262 fetched for processing"}
{"level":"info","time":"2026-01-08T18:40:52+05:00","message":"Task ID: 673262 locked for processing"}
{"level":"info","time":"2026-01-08T18:40:52+05:00","message":"Processing Task ID: 673262, Name: Another Long task"}
{"level":"info","time":"2026-01-08T18:40:53+05:00","message":"Added Task ID: 348604, Name: Another Long task"}
{"level":"info","time":"2026-01-08T18:40:53+05:00","message":"Next Task ID: 348604 fetched for processing"}
{"level":"info","time":"2026-01-08T18:40:53+05:00","message":"Task ID: 348604 locked for processing"}
{"level":"info","time":"2026-01-08T18:40:53+05:00","message":"Processing Task ID: 348604, Name: Another Long task"}
{"level":"info","time":"2026-01-08T18:40:53+05:00","message":"Task ID: 455465 completed successfully"}
{"level":"info","time":"2026-01-08T18:40:53+05:00","message":"No pending tasks available in the queue"}
{"level":"info","time":"2026-01-08T18:40:53+05:00","message":"No pending tasks in the queue, worker is idling"}
{"level":"info","time":"2026-01-08T18:40:53+05:00","message":"Result received for Task ID: 455465, Status: Completed"}
{"level":"info","time":"2026-01-08T18:40:54+05:00","message":"Added Task ID: 117825, Name: Another Long task"}
{"level":"info","time":"2026-01-08T18:40:54+05:00","message":"Next Task ID: 117825 fetched for processing"}
{"level":"info","time":"2026-01-08T18:40:54+05:00","message":"Task ID: 117825 locked for processing"}
{"level":"info","time":"2026-01-08T18:40:54+05:00","message":"Processing Task ID: 117825, Name: Another Long task"}
{"level":"info","time":"2026-01-08T18:40:55+05:00","message":"Added Task ID: 559153, Name: Another Long task"}
{"level":"info","time":"2026-01-08T18:40:55+05:00","message":"Next Task ID: 559153 fetched for processing"}
{"level":"info","time":"2026-01-08T18:40:55+05:00","message":"Task ID: 559153 locked for processing"}
{"level":"info","time":"2026-01-08T18:40:55+05:00","message":"Processing Task ID: 559153, Name: Another Long task"}
{"level":"info","time":"2026-01-08T18:40:55+05:00","message":"Task ID: 673262 completed successfully"}
{"level":"info","time":"2026-01-08T18:40:55+05:00","message":"No pending tasks available in the queue"}
{"level":"info","time":"2026-01-08T18:40:55+05:00","message":"No pending tasks in the queue, worker is idling"}
{"level":"info","time":"2026-01-08T18:40:55+05:00","message":"Result received for Task ID: 673262, Status: Completed"}
{"level":"info","time":"2026-01-08T18:40:56+05:00","message":"Fetching all tasks"}
{"level":"error","time":"2026-01-08T18:40:56+05:00","message":"Task ID: 348604 failed during processing"}
{"level":"error","time":"2026-01-08T18:40:56+05:00","message":"Error processing Task ID: 348604, Error: task Another Long task failed during processing"}
{"level":"info","time":"2026-01-08T18:40:56+05:00","message":"Result received for Task ID: 348604, Status: Failed"}
{"level":"info","time":"2026-01-08T18:40:57+05:00","message":"Task ID: 117825 completed successfully"}
{"level":"info","time":"2026-01-08T18:40:57+05:00","message":"Result received for Task ID: 117825, Status: Completed"}
{"level":"error","time":"2026-01-08T18:40:58+05:00","message":"Task ID: 559153 failed during processing"}
{"level":"error","time":"2026-01-08T18:40:58+05:00","message":"Error processing Task ID: 559153, Error: task Another Long task failed during processing"}
{"level":"info","time":"2026-01-08T18:40:58+05:00","message":"Result received for Task ID: 559153, Status: Failed"}
{"level":"info","time":"2026-01-08T18:40:58+05:00","message":"No pending tasks available in the queue"}
{"level":"info","time":"2026-01-08T18:40:58+05:00","message":"No pending tasks in the queue, worker is idling"}
{"level":"info","time":"2026-01-08T18:40:58+05:00","message":"No pending tasks available in the queue"}
{"level":"info","time":"2026-01-08T18:40:58+05:00","message":"No pending tasks in the queue, worker is idling"}
{"level":"info","time":"2026-01-08T18:40:58+05:00","message":"No pending tasks available in the queue"}
{"level":"info","time":"2026-01-08T18:40:58+05:00","message":"No pending tasks in the queue, worker is idling"}
{"level":"info","time":"2026-01-08T18:46:19+05:00","message":"Logger Started"}
{"level":"info","time":"2026-01-08T18:46:19+05:00","message":"Starting Worker 0"}
{"level":"info","time":"2026-01-08T18:46:19+05:00","message":"Starting Worker 1"}
{"level":"info","time":"2026-01-08T18:46:19+05:00","message":"Starting Worker 2"}
{"level":"info","time":"2026-01-08T18:46:19+05:00","message":"Starting Worker 3"}
{"level":"info","time":"2026-01-08T18:46:19+05:00","message":"Starting Worker 4"}
{"level":"info","time":"2026-01-08T18:46:26+05:00","message":"Fetching all tasks"}
{"level":"info","time":"2026-01-08T18:46:30+05:00","message":"Added Task ID: 776421, Name: Another Long task"}
{"level":"info","time":"2026-01-08T18:46:30+05:00","message":"Next Task ID: 776421 fetched for processing"}
{"level":"info","time":"2026-01-08T18:46:30+05:00","message":"Task ID: 776421 locked for processing"}
{"level":"info","time":"2026-01-08T18:46:30+05:00","message":"Processing Task ID: 776421, Name: Another Long task"}
{"level":"info","time":"2026-01-08T18:46:31+05:00","message":"Added Task ID: 447661, Name: Another Long task"}
{"level":"info","time":"2026-01-08T18:46:33+05:00","message":"Task ID: 776421 completed successfully"}
{"level":"info","time":"2026-01-08T18:46:33+05:00","message":"Result received for Task ID: 776421, Status: Completed"}
{"level":"info","time":"2026-01-08T18:46:33+05:00","message":"Next Task ID: 447661 fetched for processing"}
{"level":"info","time":"2026-01-08T18:46:33+05:00","message":"Task ID: 447661 locked for processing"}
{"level":"info","time":"2026-01-08T18:46:33+05:00","message":"Next Task ID: 83917 fetched for processing"}
{"level":"info","time":"2026-01-08T18:46:33+05:00","message":"Processing Task ID: 447661, Name: Another Long task"}
{"level":"info","time":"2026-01-08T18:46:33+05:00","message":"Task ID: 83917 locked for processing"}
{"level":"info","time":"2026-01-08T18:46:33+05:00","message":"Processing Task ID: 83917, Name: Another Long task"}
{"level":"info","time":"2026-01-08T18:46:33+05:00","message":"Added Task ID: 83917, Name: Another Long task"}
{"level":"info","time":"2026-01-08T18:46:36+05:00","message":"Task ID: 447661 completed successfully"}
{"level":"info","time":"2026-01-08T18:46:36+05:00","message":"Result received for Task ID: 447661, Status: Completed"}
{"level":"info","time":"2026-01-08T18:46:36+05:00","message":"Task ID: 83917 completed successfully"}
{"level":"info","time":"2026-01-08T18:46:36+05:00","message":"No pending tasks available in the queue"}
{"level":"info","time":"2026-01-08T18:46:36+05:00","message":"Result received for Task ID: 83917, Status: Completed"}
{"level":"info","time":"2026-01-08T18:46:36+05:00","message":"No pending tasks in the queue, worker is idling"}
{"level":"info","time":"2026-01-08T18:46:36+05:00","message":"Next Task ID: 639549 fetched for processing"}
{"level":"info","time":"2026-01-08T18:46:36+05:00","message":"Task ID: 639549 locked for processing"}
{"level":"info","time":"2026-01-08T18:46:36+05:00","message":"Added Task ID: 639549, Name: Another Long task"}
{"level":"info","time":"2026-01-08T18:46:36+05:00","message":"Processing Task ID: 639549, Name: Another Long task"}
{"level":"info","time":"2026-01-08T18:46:39+05:00","message":"Task ID: 639549 completed successfully"}
{"level":"info","time":"2026-01-08T18:46:39+05:00","message":"Result received for Task ID: 639549, Status: Completed"}
{"level":"info","time":"2026-01-08T18:46:39+05:00","message":"No pending tasks available in the queue"}
{"level":"info","time":"2026-01-08T18:46:39+05:00","message":"No pending tasks in the queue, worker is idling"}
{"level":"info","time":"2026-01-08T18:46:39+05:00","message":"No pending tasks available in the queue"}
{"level":"info","time":"2026-01-08T18:46:39+05:00","message":"No pending tasks in the queue, worker is idling"}
{"level":"info","time":"2026-01-08T18:46:39+05:00","message":"Next Task ID: 77285 fetched for processing"}
{"level":"info","time":"2026-01-08T18:46:39+05:00","message":"Task ID: 77285 locked for processing"}
{"level":"info","time":"2026-01-08T18:46:39+05:00","message":"Added Task ID: 77285, Name: Another Long task"}
{"level":"info","time":"2026-01-08T18:46:39+05:00","message":"Processing Task ID: 77285, Name: Another Long task"}
{"level":"info","time":"2026-01-08T18:46:41+05:00","message":"Fetching all tasks"}
{"level":"info","time":"2026-01-08T18:46:42+05:00","message":"Task ID: 77285 completed successfully"}
{"level":"info","time":"2026-01-08T18:46:42+05:00","message":"No pending tasks available in the queue"}
{"level":"info","time":"2026-01-08T18:46:42+05:00","message":"Result received for Task ID: 77285, Status: Completed"}
{"level":"info","time":"2026-01-08T18:46:42+05:00","message":"No pending tasks in the queue, worker is idling"}
{"level":"info","time":"2026-01-08T18:46:42+05:00","message":"No pending tasks available in the queue"}
{"level":"info","time":"2026-01-08T18:46:42+05:00","message":"No pending tasks in the queue, worker is idling"}
{"level":"info","time":"2026-01-08T18:46:51+05:00","message":"Added Task ID: 304186, Name: Another Long task"}
{"level":"info","time":"2026-01-08T18:46:51+05:00","message":"Next Task ID: 304186 fetched for processing"}
{"level":"info","time":"2026-01-08T18:46:51+05:00","message":"Task ID: 304186 locked for processing"}
{"level":"info","time":"2026-01-08T18:46:51+05:00","message":"Processing Task ID: 304186, Name: Another Long task"}
{"level":"info","time":"2026-01-08T18:46:51+05:00","message":"Added Task ID: 317555, Name: Another Long task"}
{"level":"info","time":"2026-01-08T18:46:54+05:00","message":"Task ID: 304186 completed successfully"}
{"level":"info","time":"2026-01-08T18:46:54+05:00","message":"Next Task ID: 317555 fetched for processing"}
{"level":"info","time":"2026-01-08T18:46:54+05:00","message":"Task ID: 317555 locked for processing"}
{"level":"info","time":"2026-01-08T18:46:54+05:00","message":"Processing Task ID: 317555, Name: Another Long task"}
{"level":"info","time":"2026-01-08T18:46:54+05:00","message":"Result received for Task ID: 304186, Status: Completed"}
{"level":"info","time":"2026-01-08T18:46:54+05:00","message":"Added Task ID: 721189, Name: Another Long task"}
{"level":"error","time":"2026-01-08T18:46:57+05:00","message":"Task ID: 317555 failed during processing"}
{"level":"error","time":"2026-01-08T18:46:57+05:00","message":"Error processing Task ID: 317555, Error: task Another Long task failed during processing"}
{"level":"info","time":"2026-01-08T18:46:57+05:00","message":"Result received for Task ID: 317555, Status: Failed"}
{"level":"info","time":"2026-01-08T18:46:57+05:00","message":"Next Task ID: 721189 fetched for processing"}
{"level":"info","time":"2026-01-08T18:46:57+05:00","message":"Task ID: 721189 locked for processing"}
{"level":"info","time":"2026-01-08T18:46:57+05:00","message":"Processing Task ID: 721189, Name: Another Long task"}
{"level":"info","time":"2026-01-08T18:47:00+05:00","message":"Task ID: 721189 completed successfully"}
{"level":"info","time":"2026-01-08T18:47:00+05:00","message":"No pending tasks available in the queue"}
{"level":"info","time":"2026-01-08T18:47:00+05:00","message":"Result received for Task ID: 721189, Status: Completed"}
{"level":"info","time":"2026-01-08T18:47:00+05:00","message":"No pending tasks in the queue, worker is idling"}
{"level":"info","time":"2026-01-08T18:47:00+05:00","message":"Added Task ID: 472387, Name: Another Long task"}
{"level":"info","time":"2026-01-08T18:47:00+05:00","message":"Next Task ID: 472387 fetched for processing"}
{"level":"info","time":"2026-01-08T18:47:00+05:00","message":"Task ID: 472387 locked for processing"}
{"level":"info","time":"2026-01-08T18:47:00+05:00","message":"Processing Task ID: 472387, Name: Another Long task"}
{"level":"info","time":"2026-01-08T18:47:02+05:00","message":"Fetching all tasks"}
{"level":"info","time":"2026-01-08T18:47:03+05:00","message":"Task ID: 472387 completed successfully"}
{"level":"info","time":"2026-01-08T18:47:03+05:00","message":"Result received for Task ID: 472387, Status: Completed"}
{"level":"info","time":"2026-01-08T18:47:03+05:00","message":"No pending tasks available in the queue"}
{"level":"info","time":"2026-01-08T18:47:03+05:00","message":"No pending tasks in the queue, worker is idling"}
{"level":"info","time":"2026-01-08T18:47:03+05:00","message":"No pending tasks available in the queue"}
{"level":"info","time":"2026-01-08T18:47:03+05:00","message":"No pending tasks in the queue, worker is idling"}
{"level":"info","time":"2026-01-08T18:47:03+05:00","message":"No pending tasks available in the queue"}
{"level":"info","time":"2026-01-08T18:47:03+05:00","message":"No pending tasks in the queue, worker is idling"}
{"level":"info","time":"2026-01-08T19:59:04+05:00","message":"Logger Started"}
{"level":"info","time":"2026-01-08T19:59:04+05:00","message":"Starting Worker 0"}
{"level":"info","time":"2026-01-08T19:59:04+05:00","message":"Starting Worker 1"}
{"level":"info","time":"2026-01-08T19:59:04+05:00","message":"Starting Worker 2"}
{"level":"info","time":"2026-01-08T19:59:04+05:00","message":"Starting Worker 3"}
{"level":"info","time":"2026-01-08T19:59:04+05:00","message":"Starting Worker 4"}
{"level":"info","time":"2026-01-08T19:59:09+05:00","message":"Fetching all tasks"}
{"level":"info","time":"2026-01-08T19:59:13+05:00","message":"Added Task ID: 646334, Name: Another Long task"}
{"level":"info","time":"2026-01-08T19:59:13+05:00","message":"Next Task ID: 646334 fetched for processing"}
{"level":"info","time":"2026-01-08T19:59:13+05:00","message":"Task ID: 646334 locked for processing"}
{"level":"info","time":"2026-01-08T19:59:13+05:00","message":"Processing Task ID: 646334, Name: Another Long task"}
{"level":"info","time":"2026-01-08T19:59:13+05:00","message":"Added Task ID: 13900, Name: Another Long task"}
{"level":"info","time":"2026-01-08T19:59:16+05:00","message":"Task ID: 646334 completed successfully"}
{"level":"info","time":"2026-01-08T19:59:16+05:00","message":"Next Task ID: 13900 fetched for processing"}
{"level":"info","time":"2026-01-08T19:59:16+05:00","message":"Task ID: 13900 locked for processing"}
{"level":"info","time":"2026-01-08T19:59:16+05:00","message":"Result received for Task ID: 646334, Status: Completed"}
{"level":"info","time":"2026-01-08T19:59:16+05:00","message":"Processing Task ID: 13900, Name: Another Long task"}
{"level":"info","time":"2026-01-08T19:59:16+05:00","message":"Added Task ID: 821137, Name: Another Long task"}
{"level":"info","time":"2026-01-08T19:59:19+05:00","message":"Task ID: 13900 completed successfully"}
{"level":"info","time":"2026-01-08T19:59:19+05:00","message":"Result received for Task ID: 13900, Status: Completed"}
{"level":"info","time":"2026-01-08T19:59:19+05:00","message":"Next Task ID: 821137 fetched for processing"}
{"level":"info","time":"2026-01-08T19:59:19+05:00","message":"Task ID: 821137 locked for processing"}
{"level":"info","time":"2026-01-08T19:59:19+05:00","message":"No pending tasks available in the queue"}
{"level":"info","time":"2026-01-08T19:59:19+05:00","message":"Processing Task ID: 821137, Name: Another Long task"}
{"level":"info","time":"2026-01-08T19:59:19+05:00","message":"No pending tasks in the queue, worker is idling"}
{"level":"info","time":"2026-01-08T19:59:19+05:00","message":"Added Task ID: 322633, Name: Another Long task"}
{"level":"info","time":"2026-01-08T19:59:22+05:00","message":"Task ID: 821137 completed successfully"}
{"level":"info","time":"2026-01-08T19:59:22+05:00","message":"Next Task ID: 322633 fetched for processing"}
{"level":"info","time":"2026-01-08T19:59:22+05:00","message":"Task ID: 322633 locked for processing"}
{"level":"info","time":"2026-01-08T19:59:22+05:00","message":"Processing Task ID: 322633, Name: Another Long task"}
{"level":"info","time":"2026-01-08T19:59:22+05:00","message":"Result received for Task ID: 821137, Status: Completed"}
{"level":"error","time":"2026-01-08T19:59:25+05:00","message":"Task ID: 322633 failed during processing"}
{"level":"error","time":"2026-01-08T19:59:25+05:00","message":"Error processing Task ID: 322633, Error: task Another Long task failed during processing"}
{"level":"info","time":"2026-01-08T19:59:25+05:00","message":"No pending tasks available in the queue"}
{"level":"info","time":"2026-01-08T19:59:25+05:00","message":"No pending tasks in the queue, worker is idling"}
{"level":"info","time":"2026-01-08T19:59:25+05:00","message":"Result received for Task ID: 322633, Status: Failed"}
{"level":"info","time":"2026-01-08T19:59:25+05:00","message":"Added Task ID: 517676, Name: Another Long task"}
{"level":"info","time":"2026-01-08T19:59:25+05:00","message":"Next Task ID: 517676 fetched for processing"}
{"level":"info","time":"2026-01-08T19:59:25+05:00","message":"Task ID: 517676 locked for processing"}
{"level":"info","time":"2026-01-08T19:59:25+05:00","message":"No pending tasks available in the queue"}
{"level":"info","time":"2026-01-08T19:59:25+05:00","message":"No pending tasks in the queue, worker is idling"}
{"level":"info","time":"2026-01-08T19:59:25+05:00","message":"Processing Task ID: 517676, Name: Another Long task"}
{"level":"info","time":"2026-01-08T19:59:25+05:00","message":"Fetching all tasks"}
{"level":"info","time":"2026-01-08T19:59:28+05:00","message":"Task ID: 517676 completed successfully"}
{"level":"info","time":"2026-01-08T19:59:28+05:00","message":"No pending tasks available in the queue"}
{"level":"info","time":"2026-01-08T19:59:28+05:00","message":"Result received for Task ID: 517676, Status: Completed"}
{"level":"info","time":"2026-01-08T19:59:28+05:00","message":"No pending tasks in the queue, worker is idling"}
{"level":"info","time":"2026-01-08T19:59:28+05:00","message":"No pending tasks available in the queue"}
{"level":"info","time":"2026-01-08T19:59:28+05:00","message":"No pending tasks in the queue, worker is idling"}
{"level":"info","time":"2026-01-08T19:59:56+05:00","message":"Added Task ID: 890970, Name: Another Long task"}
{"level":"info","time":"2026-01-08T19:59:56+05:00","message":"Next Task ID: 890970 fetched for processing"}
{"level":"info","time":"2026-01-08T19:59:56+05:00","message":"Task ID: 890970 locked for processing"}
{"level":"info","time":"2026-01-08T19:59:56+05:00","message":"Processing Task ID: 890970, Name: Another Long task"}
{"level":"info","time":"2026-01-08T19:59:57+05:00","message":"Added Task ID: 582359, Name: Another Long task"}
{"level":"info","time":"2026-01-08T19:59:59+05:00","message":"Task ID: 890970 completed successfully"}
{"level":"info","time":"2026-01-08T19:59:59+05:00","message":"Result received for Task ID: 890970, Status: Completed"}
{"level":"info","time":"2026-01-08T19:59:59+05:00","message":"Next Task ID: 582359 fetched for processing"}
{"level":"info","time":"2026-01-08T19:59:59+05:00","message":"Task ID: 582359 locked for processing"}
{"level":"info","time":"2026-01-08T19:59:59+05:00","message":"Processing Task ID: 582359, Name: Another Long task"}
{"level":"info","time":"2026-01-08T19:59:59+05:00","message":"Added Task ID: 998895, Name: Another Long task"}
{"level":"info","time":"2026-01-08T20:00:02+05:00","message":"Task ID: 582359 completed successfully"}
{"level":"info","time":"2026-01-08T20:00:02+05:00","message":"Result received for Task ID: 582359, Status: Completed"}
{"level":"info","time":"2026-01-08T20:00:02+05:00","message":"Next Task ID: 998895 fetched for processing"}
{"level":"info","time":"2026-01-08T20:00:02+05:00","message":"Task ID: 998895 locked for processing"}
{"level":"info","time":"2026-01-08T20:00:02+05:00","message":"Processing Task ID: 998895, Name: Another Long task"}
{"level":"error","time":"2026-01-08T20:00:05+05:00","message":"Task ID: 998895 failed during processing"}
{"level":"error","time":"2026-01-08T20:00:05+05:00","message":"Error processing Task ID: 998895, Error: task Another Long task failed during processing"}
{"level":"info","time":"2026-01-08T20:00:05+05:00","message":"Result received for Task ID: 998895, Status: Failed"}
{"level":"info","time":"2026-01-08T20:00:05+05:00","message":"No pending tasks available in the queue"}
{"level":"info","time":"2026-01-08T20:00:05+05:00","message":"No pending tasks in the queue, worker is idling"}
{"level":"info","time":"2026-01-08T20:00:05+05:00","message":"Next Task ID: 519859 fetched for processing"}
{"level":"info","time":"2026-01-08T20:00:05+05:00","message":"Task ID: 519859 locked for processing"}
{"level":"info","time":"2026-01-08T20:00:05+05:00","message":"Added Task ID: 519859, Name: Another Long task"}
{"level":"info","time":"2026-01-08T20:00:05+05:00","message":"Processing Task ID: 519859, Name: Another Long task"}
{"level":"info","time":"2026-01-08T20:00:08+05:00","message":"Task ID: 519859 completed successfully"}
{"level":"info","time":"2026-01-08T20:00:08+05:00","message":"Result received for Task ID: 519859, Status: Completed"}
{"level":"info","time":"2026-01-08T20:00:08+05:00","message":"No pending tasks available in the queue"}
{"level":"info","time":"2026-01-08T20:00:08+05:00","message":"No pending tasks in the queue, worker is idling"}
{"level":"info","time":"2026-01-08T20:00:08+05:00","message":"No pending tasks available in the queue"}
{"level":"info","time":"2026-01-08T20:00:08+05:00","message":"No pending tasks in the queue, worker is idling"}
{"level":"info","time":"2026-01-08T20:00:08+05:00","message":"Added Task ID: 309523, Name: Another Long task"}
{"level":"info","time":"2026-01-08T20:00:08+05:00","message":"Next Task ID: 309523 fetched for processing"}
{"level":"info","time":"2026-01-08T20:00:08+05:00","message":"Task ID: 309523 locked for processing"}
{"level":"info","time":"2026-01-08T20:00:08+05:00","message":"Processing Task ID: 309523, Name: Another Long task"}
{"level":"info","time":"2026-01-08T20:00:10+05:00","message":"Fetching all tasks"}
{"level":"info","time":"2026-01-08T20:00:11+05:00","message":"Task ID: 309523 completed successfully"}
{"level":"info","time":"2026-01-08T20:00:11+05:00","message":"Result received for Task ID: 309523, Status: Completed"}
{"level":"info","time":"2026-01-08T20:00:11+05:00","message":"No pending tasks available in the queue"}
{"level":"info","time":"2026-01-08T20:00:11+05:00","message":"No pending tasks in the queue, worker is idling"}
{"level":"info","time":"2026-01-08T20:00:11+05:00","message":"No pending tasks available in the queue"}
{"level":"info","time":"2026-01-08T20:00:11+05:00","message":"No pending tasks in the queue, worker is idling"}
{"level":"info","time":"2026-01-08T20:02:46+05:00","message":"Logger Started"}
{"level":"info","time":"2026-01-08T20:02:46+05:00","message":"Starting Worker 0"}
{"level":"info","time":"2026-01-08T20:02:46+05:00","message":"Starting Worker 1"}
{"level":"info","time":"2026-01-08T20:02:46+05:00","message":"Starting Worker 2"}
{"level":"info","time":"2026-01-08T20:02:46+05:00","message":"Starting Worker 3"}
{"level":"info","time":"2026-01-08T20:02:46+05:00","message":"Starting Worker 4"}
{"level":"info","time":"2026-01-08T20:02:49+05:00","message":"Fetching all tasks"}
{"level":"info","time":"2026-01-08T20:02:51+05:00","message":"Added Task ID: 171201, Name: Another Long task"}
{"level":"info","time":"2026-01-08T20:02:51+05:00","message":"Next Task ID: 171201 fetched for processing"}
{"level":"info","time":"2026-01-08T20:02:51+05:00","message":"Task ID: 171201 locked for processing"}
{"level":"info","time":"2026-01-08T20:02:51+05:00","message":"Processing Task ID: 171201, Name: Another Long task"}
{"level":"info","time":"2026-01-08T20:02:52+05:00","message":"Added Task ID: 9574, Name: Another Long task"}
{"level":"error","time":"2026-01-08T20:02:54+05:00","message":"Task ID: 171201 failed during processing"}
{"level":"error","time":"2026-01-08T20:02:54+05:00","message":"Error processing Task ID: 171201, Error: task Another Long task failed during processing"}
{"level":"info","time":"2026-01-08T20:02:54+05:00","message":"Result received for Task ID: 171201, Status: Failed"}
{"level":"info","time":"2026-01-08T20:02:54+05:00","message":"Next Task ID: 9574 fetched for processing"}
{"level":"info","time":"2026-01-08T20:02:54+05:00","message":"Task ID: 9574 locked for processing"}
{"level":"info","time":"2026-01-08T20:02:54+05:00","message":"Processing Task ID: 9574, Name: Another Long task"}
{"level":"info","time":"2026-01-08T20:02:54+05:00","message":"Added Task ID: 20011, Name: Another Long task"}
{"level":"info","time":"2026-01-08T20:02:55+05:00","message":"Fetching all tasks"}
{"level":"info","time":"2026-01-08T20:02:57+05:00","message":"Task ID: 9574 completed successfully"}
{"level":"info","time":"2026-01-08T20:02:57+05:00","message":"Result received for Task ID: 9574, Status: Completed"}
{"level":"info","time":"2026-01-08T20:02:57+05:00","message":"Next Task ID: 20011 fetched for processing"}
{"level":"info","time":"2026-01-08T20:02:57+05:00","message":"Task ID: 20011 locked for processing"}
{"level":"info","time":"2026-01-08T20:02:57+05:00","message":"Processing Task ID: 20011, Name: Another Long task"}
{"level":"info","time":"2026-01-08T20:03:00+05:00","message":"Task ID: 20011 completed successfully"}
{"level":"info","time":"2026-01-08T20:03:00+05:00","message":"Result received for Task ID: 20011, Status: Completed"}
{"level":"info","time":"2026-01-08T20:03:00+05:00","message":"No pending tasks available in the queue"}
{"level":"info","time":"2026-01-08T20:03:00+05:00","message":"No pending tasks in the queue, worker is idling"}
{"level":"info","time":"2026-01-08T20:03:00+05:00","message":"No pending tasks available in the queue"}
{"level":"info","time":"2026-01-08T20:03:00+05:00","message":"No pending tasks in the queue, worker is idling"}
{"level":"info","time":"2026-01-08T20:03:00+05:00","message":"No pending tasks available in the queue"}
{"level":"info","time":"2026-01-08T20:03:00+05:00","message":"No pending tasks in the queue, worker is idling"}
{"level":"info","time":"2026-01-08T20:03:17+05:00","message":"Fetching task with ID: 171201"}
{"level":"info","time":"2026-01-08T20:03:17+05:00","message":"Task with ID: 171201 found"}
{"level":"info","time":"2026-01-08T20:03:21+05:00","message":"Fetching task with ID: 171201"}
{"level":"info","time":"2026-01-08T20:03:21+05:00","message":"Task with ID: 171201 found"}
{"level":"info","time":"2026-01-08T20:03:34+05:00","message":"Logger Started"}
{"level":"info","time":"2026-01-08T20:03:34+05:00","message":"Starting Worker 0"}
{"level":"info","time":"2026-01-08T20:03:34+05:00","message":"Starting Worker 1"}
{"level":"info","time":"2026-01-08T20:03:34+05:00","message":"Starting Worker 2"}
{"level":"info","time":"2026-01-08T20:03:34+05:00","message":"Starting Worker 3"}
{"level":"info","time":"2026-01-08T20:03:34+05:00","message":"Starting Worker 4"}
{"level":"info","time":"2026-01-08T20:03:37+05:00","message":"Fetching task with ID: 171201"}
{"level":"warn","time":"2026-01-08T20:03:37+05:00","message":"Task with ID: 171201 not found"}
{"level":"info","time":"2026-01-08T20:03:42+05:00","message":"Fetching all tasks"}
{"level":"info","time":"2026-01-08T20:03:44+05:00","message":"Added Task ID: 421215, Name: Another Long task"}
{"level":"info","time":"2026-01-08T20:03:44+05:00","message":"Next Task ID: 421215 fetched for processing"}
{"level":"info","time":"2026-01-08T20:03:44+05:00","message":"Task ID: 421215 locked for processing"}
{"level":"info","time":"2026-01-08T20:03:44+05:00","message":"Processing Task ID: 421215, Name: Another Long task"}
{"level":"info","time":"2026-01-08T20:03:45+05:00","message":"Added Task ID: 300697, Name: Another Long task"}
{"level":"info","time":"2026-01-08T20:03:47+05:00","message":"Task ID: 421215 completed successfully"}
{"level":"info","time":"2026-01-08T20:03:47+05:00","message":"Next Task ID: 300697 fetched for processing"}
{"level":"info","time":"2026-01-08T20:03:47+05:00","message":"Task ID: 300697 locked for processing"}
{"level":"info","time":"2026-01-08T20:03:47+05:00","message":"Processing Task ID: 300697, Name: Another Long task"}
{"level":"info","time":"2026-01-08T20:03:47+05:00","message":"Result received for Task ID: 421215, Status: Completed"}
{"level":"info","time":"2026-01-08T20:03:47+05:00","message":"Added Task ID: 53200, Name: Another Long task"}
{"level":"error","time":"2026-01-08T20:03:50+05:00","message":"Task ID: 300697 failed during processing"}
{"level":"error","time":"2026-01-08T20:03:50+05:00","message":"Error processing Task ID: 300697, Error: task Another Long task failed during processing"}
{"level":"info","time":"2026-01-08T20:03:50+05:00","message":"Next Task ID: 53200 fetched for processing"}
{"level":"info","time":"2026-01-08T20:03:50+05:00","message":"Task ID: 53200 locked for processing"}
{"level":"info","time":"2026-01-08T20:03:50+05:00","message":"Processing Task ID: 53200, Name: Another Long task"}
{"level":"info","time":"2026-01-08T20:03:50+05:00","message":"Result received for Task ID: 300697, Status: Failed"}
{"level":"info","time":"2026-01-08T20:03:53+05:00","message":"Task ID: 53200 completed successfully"}
{"level":"info","time":"2026-01-08T20:03:53+05:00","message":"Result received for Task ID: 53200, Status: Completed"}
{"level":"info","time":"2026-01-08T20:03:53+05:00","message":"No pending tasks available in the queue"}
{"level":"info","time":"2026-01-08T20:03:53+05:00","message":"No pending tasks in the queue, worker is idling"}
{"level":"info","time":"2026-01-08T20:03:53+05:00","message":"Next Task ID: 555912 fetched for processing"}
{"level":"info","time":"2026-01-08T20:03:53+05:00","message":"Added Task ID: 555912, Name: Another Long task"}
{"level":"info","time":"2026-01-08T20:03:53+05:00","message":"Task ID: 555912 locked for processing"}
{"level":"info","time":"2026-01-08T20:03:53+05:00","message":"Processing Task ID: 555912, Name: Another Long task"}
{"level":"info","time":"2026-01-08T20:03:56+05:00","message":"Task ID: 555912 completed successfully"}
{"level":"info","time":"2026-01-08T20:03:56+05:00","message":"No pending tasks available in the queue"}
{"level":"info","time":"2026-01-08T20:03:56+05:00","message":"No pending tasks in the queue, worker is idling"}
{"level":"info","time":"2026-01-08T20:03:56+05:00","message":"No pending tasks available in the queue"}
{"level":"info","time":"2026-01-08T20:03:56+05:00","message":"No pending tasks in the queue, worker is idling"}
{"level":"info","time":"2026-01-08T20:03:56+05:00","message":"Added Task ID: 762367, Name: Another Long task"}
{"level":"info","time":"2026-01-08T20:03:56+05:00","message":"Result received for Task ID: 555912, Status: Completed"}
{"level":"info","time":"2026-01-08T20:03:56+05:00","message":"Next Task ID: 762367 fetched for processing"}
{"level":"info","time":"2026-01-08T20:03:56+05:00","message":"Task ID: 762367 locked for processing"}
{"level":"info","time":"2026-01-08T20:03:56+05:00","message":"Processing Task ID: 762367, Name: Another Long task"}
{"level":"info","time":"2026-01-08T20:03:58+05:00","message":"Fetching all tasks"}
{"level":"info","time":"2026-01-08T20:03:59+05:00","message":"Task ID: 762367 completed successfully"}
{"level":"info","time":"2026-01-08T20:03:59+05:00","message":"Result received for Task ID: 762367, Status: Completed"}
{"level":"info","time":"2026-01-08T20:03:59+05:00","message":"No pending tasks available in the queue"}
{"level":"info","time":"2026-01-08T20:03:59+05:00","message":"No pending tasks in the queue, worker is idling"}
{"level":"info","time":"2026-01-08T20:03:59+05:00","message":"No pending tasks available in the queue"}
{"level":"info","time":"2026-01-08T20:03:59+05:00","message":"No pending tasks in the queue, worker is idling"}
{"level":"info","time":"2026-01-08T20:07:42+05:00","message":"Logger Started"}
{"level":"info","time":"2026-01-08T20:07:42+05:00","message":"Starting Worker 0"}
{"level":"info","time":"2026-01-08T20:07:42+05:00","message":"Starting Worker 1"}
{"level":"info","time":"2026-01-08T20:07:42+05:00","message":"Starting Worker 2"}
{"level":"info","time":"2026-01-08T20:07:42+05:00","message":"Starting Worker 3"}
{"level":"info","time":"2026-01-08T20:07:42+05:00","message":"Starting Worker 4"}
{"level":"info","time":"2026-01-08T20:07:46+05:00","message":"Fetching all tasks"}
{"level":"info","time":"2026-01-08T20:07:53+05:00","message":"Added Task ID: 872179, Name: Another Long task"}
{"level":"info","time":"2026-01-08T20:07:53+05:00","message":"Next Task ID: 872179 fetched for processing"}
{"level":"info","time":"2026-01-08T20:07:53+05:00","message":"Task ID: 872179 locked for processing"}
{"level":"info","time":"2026-01-08T20:07:53+05:00","message":"Processing Task ID: 872179, Name: Another Long task"}
{"level":"info","time":"2026-01-08T20:07:54+05:00","message":"Added Task ID: 900118, Name: Another Long task"}
{"level":"info","time":"2026-01-08T20:07:54+05:00","message":"Next Task ID: 900118 fetched for processing"}
{"level":"info","time":"2026-01-08T20:07:54+05:00","message":"Task ID: 900118 locked for processing"}
{"level":"info","time":"2026-01-08T20:07:54+05:00","message":"Processing Task ID: 900118, Name: Another Long task"}
{"level":"info","time":"2026-01-08T20:07:55+05:00","message":"Added Task ID: 932612, Name: Another Long task"}
{"level":"info","time":"2026-01-08T20:07:55+05:00","message":"Next Task ID: 932612 fetched for processing"}
{"level":"info","time":"2026-01-08T20:07:55+05:00","message":"Task ID: 932612 locked for processing"}
{"level":"info","time":"2026-01-08T20:07:55+05:00","message":"Processing Task ID: 932612, Name: Another Long task"}
{"level":"info","time":"2026-01-08T20:07:55+05:00","message":"Added Task ID: 482277, Name: Another Long task"}
{"level":"info","time":"2026-01-08T20:07:55+05:00","message":"Next Task ID: 482277 fetched for processing"}
{"level":"info","time":"2026-01-08T20:07:55+05:00","message":"Task ID: 482277 locked for processing"}
{"level":"info","time":"2026-01-08T20:07:55+05:00","message":"Processing Task ID: 482277, Name: Another Long task"}
{"level":"info","time":"2026-01-08T20:07:56+05:00","message":"Task ID: 872179 completed successfully"}
{"level":"info","time":"2026-01-08T20:07:56+05:00","message":"Result received for Task ID: 872179, Status: Completed"}
{"level":"info","time":"2026-01-08T20:07:56+05:00","message":"No pending tasks available in the queue"}
{"level":"info","time":"2026-01-08T20:07:56+05:00","message":"No pending tasks in the queue, worker is idling"}
{"level":"info","time":"2026-01-08T20:07:56+05:00","message":"Added Task ID: 30632, Name: Another Long task"}
{"level":"info","time":"2026-01-08T20:07:56+05:00","message":"Next Task ID: 30632 fetched for processing"}
{"level":"info","time":"2026-01-08T20:07:56+05:00","message":"Task ID: 30632 locked for processing"}
{"level":"info","time":"2026-01-08T20:07:56+05:00","message":"Processing Task ID: 30632, Name: Another Long task"}
{"level":"info","time":"2026-01-08T20:07:57+05:00","message":"Task ID: 900118 completed successfully"}
{"level":"info","time":"2026-01-08T20:07:57+05:00","message":"No pending tasks available in the queue"}
{"level":"info","time":"2026-01-08T20:07:57+05:00","message":"No pending tasks in the queue, worker is idling"}
{"level":"info","time":"2026-01-08T20:07:57+05:00","message":"Result received for Task ID: 900118, Status: Completed"}
{"level":"info","time":"2026-01-08T20:07:57+05:00","message":"Added Task ID: 293205, Name: Another Long task"}
{"level":"info","time":"2026-01-08T20:07:57+05:00","message":"Next Task ID: 293205 fetched for processing"}
{"level":"info","time":"2026-01-08T20:07:57+05:00","message":"Task ID: 293205 locked for processing"}
{"level":"info","time":"2026-01-08T20:07:57+05:00","message":"Processing Task ID: 293205, Name: Another Long task"}
{"level":"info","time":"2026-01-08T20:07:58+05:00","message":"Task ID: 932612 completed successfully"}
{"level":"info","time":"2026-01-08T20:07:58+05:00","message":"Result received for Task ID: 932612, Status: Completed"}
{"level":"info","time":"2026-01-08T20:07:58+05:00","message":"No pending tasks available in the queue"}
{"level":"info","time":"2026-01-08T20:07:58+05:00","message":"No pending tasks in the queue, worker is idling"}
{"level":"info","time":"2026-01-08T20:07:58+05:00","message":"Added Task ID: 483828, Name: Another Long task"}
{"level":"info","time":"2026-01-08T20:07:58+05:00","message":"Next Task ID: 483828 fetched for processing"}
{"level":"info","time":"2026-01-08T20:07:58+05:00","message":"Task ID: 483828 locked for processing"}
{"level":"info","time":"2026-01-08T20:07:58+05:00","message":"Processing Task ID: 483828, Name: Another Long task"}
{"level":"error","time":"2026-01-08T20:07:58+05:00","message":"Task ID: 482277 failed during processing"}
{"level":"error","time":"2026-01-08T20:07:58+05:00","message":"Error processing Task ID: 482277, Error: task Another Long task failed during processing"}
{"level":"info","time":"2026-01-08T20:07:58+05:00","message":"No pending tasks available in the queue"}
{"level":"info","time":"2026-01-08T20:07:58+05:00","message":"No pending tasks in the queue, worker is idling"}
{"level":"info","time":"2026-01-08T20:07:58+05:00","message":"Result received for Task ID: 482277, Status: Failed"}
{"level":"info","time":"2026-01-08T20:07:58+05:00","message":"Added Task ID: 11986, Name: Another Long task"}
{"level":"info","time":"2026-01-08T20:07:58+05:00","message":"Next Task ID: 11986 fetched for processing"}
{"level":"info","time":"2026-01-08T20:07:58+05:00","message":"Task ID: 11986 locked for processing"}
{"level":"info","time":"2026-01-08T20:07:58+05:00","message":"Processing Task ID: 11986, Name: Another Long task"}
{"level":"info","time":"2026-01-08T20:07:59+05:00","message":"Fetching all tasks"}
{"level":"info","time":"2026-01-08T20:07:59+05:00","message":"Task ID: 30632 completed successfully"}
{"level":"info","time":"2026-01-08T20:07:59+05:00","message":"No pending tasks available in the queue"}
{"level":"info","time":"2026-01-08T20:07:59+05:00","message":"No pending tasks in the queue, worker is idling"}
{"level":"info","time":"2026-01-08T20:07:59+05:00","message":"Result received for Task ID: 30632, Status: Completed"}
{"level":"info","time":"2026-01-08T20:08:00+05:00","message":"Task ID: 293205 completed successfully"}
{"level":"info","time":"2026-01-08T20:08:00+05:00","message":"No pending tasks available in the queue"}
{"level":"info","time":"2026-01-08T20:08:00+05:00","message":"No pending tasks in the queue, worker is idling"}
{"level":"info","time":"2026-01-08T20:08:00+05:00","message":"Result received for Task ID: 293205, Status: Completed"}
{"level":"error","time":"2026-01-08T20:08:01+05:00","message":"Task ID: 483828 failed during processing"}
{"level":"error","time":"2026-01-08T20:08:01+05:00","message":"Error processing Task ID: 483828, Error: task Another Long task failed during processing"}
{"level":"info","time":"2026-01-08T20:08:01+05:00","message":"No pending tasks available in the queue"}
{"level":"info","time":"2026-01-08T20:08:01+05:00","message":"No pending tasks in the queue, worker is idling"}
{"level":"info","time":"2026-01-08T20:08:01+05:00","message":"Result received for Task ID: 483828, Status: Failed"}
{"level":"error","time":"2026-01-08T20:08:01+05:00","message":"Task ID: 11986 failed during processing"}
{"level":"error","time":"2026-01-08T20:08:01+05:00","message":"Error processing Task ID: 11986, Error: task Another Long task failed during processing"}
{"level":"info","time":"2026-01-08T20:08:01+05:00","message":"No pending tasks available in the queue"}
{"level":"info","time":"2026-01-08T20:08:01+05:00","message":"No pending tasks in the queue, worker is idling"}
{"level":"info","time":"2026-01-08T20:08:01+05:00","message":"Result received for Task ID: 11986, Status: Failed"}
{"level":"info","time":"2026-01-08T20:08:03+05:00","message":"Fetching all tasks"}
{"level":"info","time":"2026-01-08T20:08:08+05:00","message":"Fetching all tasks"}
{"level":"info","time":"2026-01-08T20:14:06+05:00","message":"Logger Started"}
{"level":"info","time":"2026-01-08T20:14:06+05:00","message":"Starting Worker 0"}
{"level":"info","time":"2026-01-08T20:14:06+05:00","message":"Starting Worker 1"}
{"level":"info","time":"2026-01-08T20:14:06+05:00","message":"Starting Worker 2"}
{"level":"info","time":"2026-01-08T20:14:06+05:00","message":"Starting Worker 3"}
{"level":"info","time":"2026-01-08T20:14:06+05:00","message":"Starting Worker 4"}
{"level":"info","time":"2026-01-08T20:14:10+05:00","message":"Fetching all tasks"}
{"level":"info","time":"2026-01-08T20:14:15+05:00","message":"Added Task ID: 883503, Name: Another Long task"}
{"level":"info","time":"2026-01-08T20:14:15+05:00","message":"Next Task ID: 883503 fetched for processing"}
{"level":"info","time":"2026-01-08T20:14:15+05:00","message":"Task ID: 883503 locked for processing"}
{"level":"info","time":"2026-01-08T20:14:15+05:00","message":"Processing Task ID: 883503, Name: Another Long task"}
{"level":"info","time":"2026-01-08T20:14:15+05:00","message":"Added Task ID: 812575, Name: Another Long task"}
{"level":"info","time":"2026-01-08T20:14:15+05:00","message":"Next Task ID: 812575 fetched for processing"}
{"level":"info","time":"2026-01-08T20:14:15+05:00","message":"Task ID: 812575 locked for processing"}
{"level":"info","time":"2026-01-08T20:14:15+05:00","message":"Processing Task ID: 812575, Name: Another Long task"}
{"level":"info","time":"2026-01-08T20:14:16+05:00","message":"Added Task ID: 49996, Name: Another Long task"}
{"level":"info","time":"2026-01-08T20:14:16+05:00","message":"Next Task ID: 49996 fetched for processing"}
{"level":"info","time":"2026-01-08T20:14:16+05:00","message":"Task ID: 49996 locked for processing"}
{"level":"info","time":"2026-01-08T20:14:16+05:00","message":"Processing Task ID: 49996, Name: Another Long task"}
{"level":"info","time":"2026-01-08T20:14:17+05:00","message":"Added Task ID: 629975, Name: Another Long task"}
{"level":"info","time":"2026-01-08T20:14:17+05:00","message":"Next Task ID: 629975 fetched for processing"}
{"level":"info","time":"2026-01-08T20:14:17+05:00","message":"Task ID: 629975 locked for processing"}
{"level":"info","time":"2026-01-08T20:14:17+05:00","message":"Processing Task ID: 629975, Name: Another Long task"}
{"level":"info","time":"2026-01-08T20:14:18+05:00","message":"Task ID: 883503 completed successfully"}
{"level":"info","time":"2026-01-08T20:14:18+05:00","message":"No pending tasks available in the queue"}
{"level":"info","time":"2026-01-08T20:14:18+05:00","message":"No pending tasks in the queue, worker is idling"}
{"level":"info","time":"2026-01-08T20:14:18+05:00","message":"Result received for Task ID: 883503, Status: Completed"}
{"level":"info","time":"2026-01-08T20:14:18+05:00","message":"Added Task ID: 56890, Name: Another Long task"}
{"level":"info","time":"2026-01-08T20:14:18+05:00","message":"Next Task ID: 56890 fetched for processing"}
{"level":"info","time":"2026-01-08T20:14:18+05:00","message":"Task ID: 56890 locked for processing"}
{"level":"info","time":"2026-01-08T20:14:18+05:00","message":"Processing Task ID: 56890, Name: Another Long task"}
{"level":"info","time":"2026-01-08T20:14:18+05:00","message":"Task ID: 812575 completed successfully"}
{"level":"info","time":"2026-01-08T20:14:18+05:00","message":"No pending tasks available in the queue"}
{"level":"info","time":"2026-01-08T20:14:18+05:00","message":"No pending tasks in the queue, worker is idling"}
{"level":"info","time":"2026-01-08T20:14:18+05:00","message":"Result received for Task ID: 812575, Status: Completed"}
{"level":"info","time":"2026-01-08T20:14:18+05:00","message":"Added Task ID: 9763, Name: Another Long task"}
{"level":"info","time":"2026-01-08T20:14:18+05:00","message":"Next Task ID: 9763 fetched for processing"}
{"level":"info","time":"2026-01-08T20:14:18+05:00","message":"Task ID: 9763 locked for processing"}
{"level":"info","time":"2026-01-08T20:14:18+05:00","message":"Processing Task ID: 9763, Name: Another Long task"}
{"level":"error","time":"2026-01-08T20:14:19+05:00","message":"Task ID: 49996 failed during processing"}
{"level":"error","time":"2026-01-08T20:14:19+05:00","message":"Error processing Task ID: 49996, Error: task Another Long task failed during processing"}
{"level":"info","time":"2026-01-08T20:14:19+05:00","message":"No pending tasks available in the queue"}
{"level":"info","time":"2026-01-08T20:14:19+05:00","message":"Result received for Task ID: 49996, Status: Failed"}
{"level":"info","time":"2026-01-08T20:14:19+05:00","message":"No pending tasks in the queue, worker is idling"}
{"level":"info","time":"2026-01-08T20:14:19+05:00","message":"Added Task ID: 621019, Name: Another Long task"}
{"level":"info","time":"2026-01-08T20:14:19+05:00","message":"Next Task ID: 621019 fetched for processing"}
{"level":"info","time":"2026-01-08T20:14:19+05:00","message":"Task ID: 621019 locked for processing"}
{"level":"info","time":"2026-01-08T20:14:19+05:00","message":"Processing Task ID: 621019, Name: Another Long task"}
{"level":"info","time":"2026-01-08T20:14:20+05:00","message":"Task ID: 629975 completed successfully"}
{"level":"info","time":"2026-01-08T20:14:20+05:00","message":"No pending tasks available in the queue"}
{"level":"info","time":"2026-01-08T20:14:20+05:00","message":"Result received for Task ID: 629975, Status: Completed"}
{"level":"info","time":"2026-01-08T20:14:20+05:00","message":"No pending tasks in the queue, worker is idling"}
{"level":"info","time":"2026-01-08T20:14:20+05:00","message":"Added Task ID: 747050, Name: Another Long task"}
{"level":"info","time":"2026-01-08T20:14:20+05:00","message":"Next Task ID: 747050 fetched for processing"}
{"level":"info","time":"2026-01-08T20:14:20+05:00","message":"Task ID: 747050 locked for processing"}
{"level":"info","time":"2026-01-08T20:14:20+05:00","message":"Processing Task ID: 747050, Name: Another Long task"}
{"level":"error","time":"2026-01-08T20:14:21+05:00","message":"Task ID: 56890 failed during processing"}
{"level":"error","time":"2026-01-08T20:14:21+05:00","message":"Error processing Task ID: 56890, Error: task Another Long task failed during processing"}
{"level":"info","time":"2026-01-08T20:14:21+05:00","message":"No pending tasks available in the queue"}
{"level":"info","time":"2026-01-08T20:14:21+05:00","message":"No pending tasks in the queue, worker is idling"}
{"level":"info","time":"2026-01-08T20:14:21+05:00","message":"Result received for Task ID: 56890, Status: Failed"}
{"level":"info","time":"2026-01-08T20:14:21+05:00","message":"Fetching all tasks"}
{"level":"error","time":"2026-01-08T20:14:21+05:00","message":"Task ID: 9763 failed during processing"}
{"level":"error","time":"2026-01-08T20:14:21+05:00","message":"Error processing Task ID: 9763, Error: task Another Long task failed during processing"}
{"level":"info","time":"2026-01-08T20:14:21+05:00","message":"Result received for Task ID: 9763, Status: Failed"}
{"level":"info","time":"2026-01-08T20:14:21+05:00","message":"No pending tasks available in the queue"}
{"level":"info","time":"2026-01-08T20:14:21+05:00","message":"No pending tasks in the queue, worker is idling"}
{"level":"error","time":"2026-01-08T20:14:22+05:00","message":"Task ID: 621019 failed during processing"}
{"level":"error","time":"2026-01-08T20:14:22+05:00","message":"Error processing Task ID: 621019, Error: task Another Long task failed during processing"}
{"level":"info","time":"2026-01-08T20:14:22+05:00","message":"No pending tasks available in the queue"}
{"level":"info","time":"2026-01-08T20:14:22+05:00","message":"No pending tasks in the queue, worker is idling"}
{"level":"info","time":"2026-01-08T20:14:22+05:00","message":"Result received for Task ID: 621019, Status: Failed"}
{"level":"error","time":"2026-01-08T20:14:23+05:00","message":"Task ID: 747050 failed during processing"}
{"level":"error","time":"2026-01-08T20:14:23+05:00","message":"Error processing Task ID: 747050, Error: task Another Long task failed during processing"}
{"level":"info","time":"2026-01-08T20:14:23+05:00","message":"Result received for Task ID: 747050, Status: Failed"}
{"level":"info","time":"2026-01-08T20:14:23+05:00","message":"No pending tasks available in the queue"}
{"level":"info","time":"2026-01-08T20:14:23+05:00","message":"No pending tasks in the queue, worker is idling"}
{"level":"info","time":"2026-01-08T20:14:25+05:00","message":"Fetching all tasks"}
